**********
【张家口宣化长河】是张家口挤塑板优质生产厂家，聚苯乙烯泡沫塑料分为膨胀性EPS和连续性挤出型XPS两种，与EPS板材相比，XPS板是第三代硬质发泡保温材料，从工艺上它克服EPS板繁杂的生产工艺，具有EPS板无法替代的优越性能。
　　XPS之所以不为国家及地方标准认可和推荐，主要是业内普遍认为XPS存在透气性差，表面光滑，易于翘曲变性等因素。既然XPS已在工程中大量的被使用，我们就不能忽略这些因素的影响，应该对外墙外保温用挤塑板的相关性能指标提出更合理的标准。关于XPS的国家标准GB/T10801.2-2002在2003年就制定了，在近几年的实际工程应用中，可以看出国标GB/T10801.2-2002中相关指标已不再符合XPS外墙外保温体系的实际情况。
　　挤塑聚苯板XPS，在我国应用较早，它是从欧美引入的技术，同时也是欧美国际知名企业进入我国推动挤塑聚苯板材料的发展，如美国的欧文斯科宁、陶氏，德国的可耐福，他们都是国内目前做挤塑聚苯板的国际知名企业。挤塑聚苯板国内生产企业也众多，产品质量上有一定差异，价格竞争激烈，与模塑聚苯板相比，价格之间差距大，在我国可将挤塑聚苯板企业分成三个档次，一线的国际知名品牌，二线的地方品牌，三线的中低档区域生产企业，价格也可以按照这三个档次进行划分。从挤塑聚苯板材料分析，此材料是目前国内比较理想的保温材料，保温性能仅次于酚醛板与聚氨酯板，但在防火安全方面较差，由其是近几年国内发生的几次重大建筑火灾事故都与挤塑聚苯板有关，所以挤塑聚苯板防火安全倍受关注。未来建筑外墙保温材料的发展，既要保温也要防火才是王道。
　　挤塑板在公路和桥方面都可以用到。主要是使用挤塑板来铺设路基和桥面，将挤塑板放在透水性的颗粒上面，再上面放置砼板用来做保护层，这样的话，就能够是铺设了挤塑板的路面会比没有铺挤塑板的路面承受坍塌的能够更强，进而能够延长公路的时候寿命，而且，铺设挤塑板保温板材的公路的造价稍微还会降低一些。其次，挤塑板具有体重较轻且防水的性能，在桥面铺设挤塑板的话，可以大大的降低沉降率，进而损坏了也会跟着降低。因此，与没有铺设挤塑板的桥面相比，就不用整天的进行维护看管，减少了一定的人力与物力资源，节约了资金支出成本，安全方面也有保障，这样是挤塑板在交通方面得到广大应用的主要原因。
　　{主词}应用非常广泛，常见的可用于建筑物屋面保温、建筑物墙体保温、建筑地面保湿等，在北方的利用率相对较高，所以需求量也较大。南方隔热防水防潮，也用的非常多，它是一种合成的新型材料，是不断发展的科技水平营运产生的结果。人们一直在保温与防火之间权衡，{主词}能够更好的平衡两者的关系。所以因此被广泛利用。
北京
北京挤塑板联系方式 北京挤塑板联系方式 北京挤塑板 北京挤塑板联系方式
user cookielib in python2.
{u'status': 200, u'msg': u'', u'data': {u'id': 5261703}}
1
**********
【张家口宣化长河】是张家口挤塑板优质生产厂家，聚苯乙烯泡沫塑料分为膨胀性EPS和连续性挤出型XPS两种，与EPS板材相比，XPS板是第三代硬质发泡保温材料，从工艺上它克服EPS板繁杂的生产工艺，具有EPS板无法替代的优越性能。
　　由于XPS板的特殊结构，其抗压强度极高、抗冲击性极强，根据XPS的不同型号及厚度其抗压强度达到150~500Kpa以上，能承受各系统地面荷载，广泛应用于地热工程、高速公路、机场跑道、广场地面、大型冷库及车内装饰保温等领域。
　　挤塑聚苯板XPS，在我国应用较早，它是从欧美引入的技术，同时也是欧美国际知名企业进入我国推动挤塑聚苯板材料的发展，如美国的欧文斯科宁、陶氏，德国的可耐福，他们都是国内目前做挤塑聚苯板的国际知名企业。挤塑聚苯板国内生产企业也众多，产品质量上有一定差异，价格竞争激烈，与模塑聚苯板相比，价格之间差距大，在我国可将挤塑聚苯板企业分成三个档次，一线的国际知名品牌，二线的地方品牌，三线的中低档区域生产企业，价格也可以按照这三个档次进行划分。从挤塑聚苯板材料分析，此材料是目前国内比较理想的保温材料，保温性能仅次于酚醛板与聚氨酯板，但在防火安全方面较差，由其是近几年国内发生的几次重大建筑火灾事故都与挤塑聚苯板有关，所以挤塑聚苯板防火安全倍受关注。未来建筑外墙保温材料的发展，既要保温也要防火才是王道。
　　{主词}具有高热阻、低线性、膨胀比低的特点，其结构的闭孔率达到了99%以上，形成真空层，避免空气流动散热，确保其保温性能的持久和稳定，相对于发泡聚氨酯80%的闭孔率，领先优势不言而喻。实践证明20mm厚的XPS挤塑保温板，其保温效果相当于50mm厚发泡聚苯乙烯，120mm厚水泥珍珠岩。因此本材料是目前建筑保温的最佳之选。
　　原料是挤塑板环保性能的关键因素。挤塑板是由聚苯乙烯树脂生产而成。但是现在市场上的很多挤塑板是由回收料制作而成的。市面上还有红色和黄色的挤塑板一般和蓝色的挤塑板差不多。下面三种分别是巴斯夫水晶原料、高级回收聚苯乙烯、回收聚苯乙烯。
　　质量好的{主词}热容量得到提高，采用外保温后，结构层墙体部分的温度与室内温度接近，这就意味这室内空气温度上升或下降时，墙体能够吸收或释放能量，确实有利于保持室温稳定。隔寒防热，减少能源负荷。冬季，当室内发的热能试图通过墙体时会被阻隔，减少室内热能的消耗；夏季，墙体保温材料会阻隔太阳辐射和外部热量传入室内，既而创造出一种冬暖夏凉的舒适环境。
锡林浩特
锡林浩特挤塑板批发 锡林浩特挤塑板批发 锡林浩特挤塑板 锡林浩特挤塑板直销
user cookielib in python2.
{u'status': 200, u'msg': u'', u'data': {u'id': 5261704}}
2
**********
【张家口宣化长河】是张家口挤塑板优质生产厂家，聚苯乙烯泡沫塑料分为膨胀性EPS和连续性挤出型XPS两种，与EPS板材相比，XPS板是第三代硬质发泡保温材料，从工艺上它克服EPS板繁杂的生产工艺，具有EPS板无法替代的优越性能。
　　{主词}长时间的使用中，不老化、不分解、不产生有害物质，其化学性能极其稳定，不会因吸水和腐蚀等导致降解，使其性能下降，在高温环境下仍能保持其优越的性能，根据有关资料介绍，即使使用30~40年，仍能保持优异的性能，且不会发生分解或霉变，没有有毒物质的挥发。
　　打磨找b1级挤塑板需要找平打磨的地方通常有以下两种情况，b1级挤塑板接缝不平处用衬有平整处理的粗纱纸打磨,打磨动作宜为轻柔的圆周运动,不宜沿着与b1级挤塑板接缝平行的方向打磨。打磨后应用刷子或压缩空气将打磨操作产生的碎屑、及其它浮灰清理干净。挤塑板粘结不平处，用聚合物砂浆找平,找平前应刷界面剂。抹聚合物砂浆底层在挤塑板表面薄薄地涂刷一道界面剂,待干后,将聚合物砂浆均匀地抹在挤塑板上,厚度约2mm左右。
外墙保温开裂渗漏的原因: 1.涂料施工质量不合格。 2.网格布搭接处处理不当、铺设位置不合理或者网格布铺设不到位等都会引起裂缝。 3.砖砌体表面平整度、牢固度、清洁度、胶粘剂、粘结面积等因素都会影响到涂料施工的好坏。 4.涂料饰层所用腻子柔韧性不够、耐水性不强、与所用涂料的兼容性差等因素都会引发起皮和开裂现象。 5.墙体外表面的缺陷。 6.主要是因为砖砌体表面平整度、牢固度、清洁度、固定脚手架空洞等没有得到很好地处理。导致保温层粘贴不牢固，引发外保温墙开裂。 7.原材料本身存在问题。 8.因挤塑聚苯板的导热系数远小于抗裂砂浆的导热系数，因此要求挤塑聚苯板的质量保养时间要到位。若保养时间不足就上墙，会导致后期出现收缩现象，最终导致防护层在挤塑聚苯板接缝处出现断裂。 9.用粘结材料将保温板固定到墙上就形成了保温层。粘结材料自身的粘结性不足或过大、粘结材料与被粘结材料不兼容等因素，都会导致保温层的开裂。 10.抹面砂浆的柔韧极限拉伸变形度的大小也直接影响到防护层的抗裂性，只有在基层发生最大变形时的变形量还小于砂浆的柔韧极限拉伸变形量时，才能保证外保温层不开裂。
　　挤塑板的主要用途之一就是作为地暖保温层使用。挤塑板保温的秘诀在于他的连续均匀表层及闭孔式蜂窝结构。泡孔越是均匀越好。下面是四种挤塑板的微观结构图。白晶板的泡孔均匀且封闭。蓝板泡孔封闭良好。黑板没有泡孔基本没有封闭。
内蒙
内蒙挤塑板批发 内蒙挤塑板批发 内蒙挤塑板 内蒙挤塑板生产
user cookielib in python2.
{u'status': 200, u'msg': u'', u'data': {u'id': 5261705}}
3
**********
【张家口宣化长河】是张家口挤塑板优质生产厂家，聚苯乙烯泡沫塑料分为膨胀性EPS和连续性挤出型XPS两种，与EPS板材相比，XPS板是第三代硬质发泡保温材料，从工艺上它克服EPS板繁杂的生产工艺，具有EPS板无法替代的优越性能。
　　按照国标97标准：我国现行标准将外墙保温材料分为A级（不燃）、B1级（难燃）、B2级（可燃）和B3级（易燃）4个等级。 挤塑板属于有机材料所以只有：B1级（难燃）、B2级（可燃）和B3级（易燃）三个级别。 聚苯板全称聚苯乙烯泡沫板，又名泡沫板或EPS板。是由含有挥发性液体发泡剂的可发性聚苯乙烯珠粒，经加热预发后在模具中加热成型的具有微细闭孔结构的白色固体。 聚苯板本身就是易燃材料，所以在防火等级上根本就不算是防火材料的。所以也根本谈不上是A级或是B1级。市面上的聚苯板耐火等级只有：B2级（可燃）和B3级（易燃）级别。
　　常见的B1级挤塑板分为两类，一类是耐气候、耐沸水型，也就是具有耐久、耐高温，能蒸汽处理的优点；另一类是耐水型，能在冷水中浸渍和短时间热水浸渍。可根据实际使用环境来选择不同的类型。
　　挤塑板槽内砂浆必须填塞密实并确保安装滴水槽时槽内聚合物粘结砂浆沿槽内均匀溢出。滴水槽凹槽处，须沿凹槽将网格布埋入底层聚合物砂浆内，若网格布在此处断开，必须搭接，搭接宽度为不小于65mm。注意，滴水槽凹槽处需附加一层网格布，网格布搭接80mm。
　　当产品更新换代的速度日益增长后，现代新型环保的板材对比于传统的板材，更受人们的欢迎。这里面不单单是价格的因素，其中还包括了环保意识的问题。环保时尚让板材制造商们不能只单单的关注原料的价格和工艺对原料的选择上也有了非常高的要求。高层建筑的增多出现的防火要求和高强度要求也在重新考验着板材的性能。一些易燃板材已被限制使用人们对环保和健康的关注也对板材提出了更高的标准。
　　按照国家标准，挤塑板名称就叫绝热用挤塑聚苯乙烯泡沫塑料，保温，阻燃、抗压、环保等功效是最重要的功能，现行的国家标准GB8624《建筑材料制品燃烧性能分级》规定：B2级是现在XPS挤塑板的最低阻燃要求氧指数≥26。根据《中华人民共和国消防法》第二十六条规定“建筑构件、建筑材料和室内装修、装饰材料的防火性能必须符合国家标准；没有国家标准的，必须符合行业标准。”的要求，挤塑板在生产过程中需要添加阻燃剂，以阻止和延缓聚苯乙烯板材的剧烈燃烧。
　　除了具有难燃防火的特性之外，B1级挤塑板还有很多其他的优点：譬如，吸湿性不大，吸水厚度膨胀率稳定，防潮性能卓越，不影响饰面、油漆等二次加工；具有较高的化学稳定性及优良的耐老化性；握螺钉力优良，不腐蚀金属链接件等等。
乌兰察布
乌兰察布挤塑板哪家好 乌兰察布挤塑板哪家好 乌兰察布挤塑板 乌兰察布挤塑板地址
user cookielib in python2.
{u'status': 200, u'msg': u'', u'data': {u'id': 5261706}}
4
**********
【张家口宣化长河】是张家口挤塑板优质生产厂家，聚苯乙烯泡沫塑料分为膨胀性EPS和连续性挤出型XPS两种，与EPS板材相比，XPS板是第三代硬质发泡保温材料，从工艺上它克服EPS板繁杂的生产工艺，具有EPS板无法替代的优越性能。
　　说到保温制品，很多朋友都会想要岩棉板、玻璃棉板等，不过，今天我们为您介绍的是{主词}，这是一款新上市的保温制品，它的主要特点就是高效节能。为什么{主词}是高效节能的保温制品呢？那是因为它的导热系数低，这也就意味着，板材的保温性能更加优良。厂家针对{主词}的保温性能进行试验，发现同样的保温效果下，{主词}明显需要的板材量小于其它保温制品。这也就意味着，您使用{主词}保温工程，可以节省更多的室内空间，保温效果却不会因此下降。这是{主词}高效的表现。
　　聚苯乙烯泡沫塑料分为膨胀性EPS和连续性挤出型XPS两种，与EPS板材相比，XPS板是第三代硬质发泡保温材料，从工艺上它克服EPS板繁杂的生产工艺，具有EPS板无法替代的优越性能。它是由聚苯乙烯树脂及其它添加剂经挤压过程制造出的拥有连续均匀表层及闭孔式蜂窝结构的板材，这些蜂窝结构的厚板，完全不会出现空隙，这种闭孔式结构的保温材料可具有不同的压力（150-500Kpa）同时拥有同等低值的导热系数（仅为0.028W/M.K）和经久不衰的优良保温和抗压性能，抗压强度可达220-500Kpa。
　　挤塑板在公路和桥方面都可以用到。主要是使用挤塑板来铺设路基和桥面，将挤塑板放在透水性的颗粒上面，再上面放置砼板用来做保护层，这样的话，就能够是铺设了挤塑板的路面会比没有铺挤塑板的路面承受坍塌的能够更强，进而能够延长公路的时候寿命，而且，铺设挤塑板保温板材的公路的造价稍微还会降低一些。其次，挤塑板具有体重较轻且防水的性能，在桥面铺设挤塑板的话，可以大大的降低沉降率，进而损坏了也会跟着降低。因此，与没有铺设挤塑板的桥面相比，就不用整天的进行维护看管，减少了一定的人力与物力资源，节约了资金支出成本，安全方面也有保障，这样是挤塑板在交通方面得到广大应用的主要原因。
　　除了具有难燃防火的特性之外，B1级挤塑板还有很多其他的优点：譬如，吸湿性不大，吸水厚度膨胀率稳定，防潮性能卓越，不影响饰面、油漆等二次加工；具有较高的化学稳定性及优良的耐老化性；握螺钉力优良，不腐蚀金属链接件等等。
　　挤塑板的主要用途之一就是作为地暖保温层使用。挤塑板保温的秘诀在于他的连续均匀表层及闭孔式蜂窝结构。泡孔越是均匀越好。下面是四种挤塑板的微观结构图。白晶板的泡孔均匀且封闭。蓝板泡孔封闭良好。黑板没有泡孔基本没有封闭。
张家口
张家口挤塑板批发 张家口挤塑板批发 张家口挤塑板 张家口挤塑板推荐
user cookielib in python2.
{u'status': 200, u'msg': u'', u'data': {u'id': 5261707}}
5
**********
【张家口宣化长河】是张家口挤塑板优质生产厂家，聚苯乙烯泡沫塑料分为膨胀性EPS和连续性挤出型XPS两种，与EPS板材相比，XPS板是第三代硬质发泡保温材料，从工艺上它克服EPS板繁杂的生产工艺，具有EPS板无法替代的优越性能。
　　打磨找b1级挤塑板需要找平打磨的地方通常有以下两种情况，b1级挤塑板接缝不平处用衬有平整处理的粗纱纸打磨,打磨动作宜为轻柔的圆周运动,不宜沿着与b1级挤塑板接缝平行的方向打磨。打磨后应用刷子或压缩空气将打磨操作产生的碎屑、及其它浮灰清理干净。挤塑板粘结不平处，用聚合物砂浆找平,找平前应刷界面剂。抹聚合物砂浆底层在挤塑板表面薄薄地涂刷一道界面剂,待干后,将聚合物砂浆均匀地抹在挤塑板上,厚度约2mm左右。
　　{主词}长时间的使用中，不老化、不分解、不产生有害物质，其化学性能极其稳定，不会因吸水和腐蚀等导致降解，使其性能下降，在高温环境下仍能保持其优越的性能，根据有关资料介绍，即使使用30~40年，仍能保持优异的性能，且不会发生分解或霉变，没有有毒物质的挥发。
　　B1级挤塑板是近年来新兴的装修板材，由木段旋切成单板或由木方刨切成薄木，通常采用磷，氮复合型液体木材阻燃剂进行浸渍，产生单板的阻燃效果，再用胶粘剂胶合而成三层或多层。B1级挤塑板通常用奇数层单板，并使相邻层单板的纤维方向互相垂直胶合而成，大大改善和提高木材的物理力学性能。
　　挤塑聚苯板XPS，在我国应用较早，它是从欧美引入的技术，同时也是欧美国际知名企业进入我国推动挤塑聚苯板材料的发展，如美国的欧文斯科宁、陶氏，德国的可耐福，他们都是国内目前做挤塑聚苯板的国际知名企业。挤塑聚苯板国内生产企业也众多，产品质量上有一定差异，价格竞争激烈，与模塑聚苯板相比，价格之间差距大，在我国可将挤塑聚苯板企业分成三个档次，一线的国际知名品牌，二线的地方品牌，三线的中低档区域生产企业，价格也可以按照这三个档次进行划分。从挤塑聚苯板材料分析，此材料是目前国内比较理想的保温材料，保温性能仅次于酚醛板与聚氨酯板，但在防火安全方面较差，由其是近几年国内发生的几次重大建筑火灾事故都与挤塑聚苯板有关，所以挤塑聚苯板防火安全倍受关注。未来建筑外墙保温材料的发展，既要保温也要防火才是王道。
　　当产品更新换代的速度日益增长后，现代新型环保的板材对比于传统的板材，更受人们的欢迎。这里面不单单是价格的因素，其中还包括了环保意识的问题。环保时尚让板材制造商们不能只单单的关注原料的价格和工艺对原料的选择上也有了非常高的要求。高层建筑的增多出现的防火要求和高强度要求也在重新考验着板材的性能。一些易燃板材已被限制使用人们对环保和健康的关注也对板材提出了更高的标准。
张家口
张家口挤塑板电话 张家口挤塑板电话 张家口挤塑板 张家口挤塑板直销
user cookielib in python2.
{u'status': 200, u'msg': u'', u'data': {u'id': 5261708}}
6
**********
【张家口宣化长河】是张家口挤塑板优质生产厂家，聚苯乙烯泡沫塑料分为膨胀性EPS和连续性挤出型XPS两种，与EPS板材相比，XPS板是第三代硬质发泡保温材料，从工艺上它克服EPS板繁杂的生产工艺，具有EPS板无法替代的优越性能。
　　挤塑板是以聚苯乙烯树脂辅以聚合物在加热混合的同时，注入催化剂，而后挤塑押出连续性闭孔发泡的硬质泡沫塑料板，其内部为独立的密闭式气泡结构，是一种具有高抗压、吸水率低、防潮、不透气、质轻、耐腐蚀、超抗老化(长期使用几乎无老化)、导热系数低等优异性能的环保型保温材料。
　　国外建筑保温材料占所有保温材料的81%左右，国内这一比例不足10%。国内既有建筑约为480亿平方米，每年增长约20亿平方米。如果20%做节能处理，1平米节能投资150元，那么年市场增量为600亿元，这还不包括现存建筑的节能改造，而目前国内建筑保温市场还不到25亿元，发展空间极大。质地轻、使用方便{主词}的完全闭孔式发泡化学结构与其蜂窝状物理结构，使其具有轻质、高强度的特性，便于切割、运输，且不易破损、安装方便。
　　容重是挤塑板的一个重要指标。直接和抗压性能挂钩。地暖用白晶板的容重一是35到36KG/m³。好的蓝板的容重也是这个值。但是由于蓝板的原料的问题即使容重一样，白晶板的质量还是要比蓝板好。差一点的蓝板的容重是30KG/m³左右。黑板的容重一般是在25KG/m³左右。
　　常见的B1级挤塑板分为两类，一类是耐气候、耐沸水型，也就是具有耐久、耐高温，能蒸汽处理的优点；另一类是耐水型，能在冷水中浸渍和短时间热水浸渍。可根据实际使用环境来选择不同的类型。
　　{主词}具有高热阻、低线性、膨胀比低的特点，其结构的闭孔率达到了99%以上，形成真空层，避免空气流动散热，确保其保温性能的持久和稳定，相对于发泡聚氨酯80%的闭孔率，领先优势不言而喻。实践证明20mm厚的XPS挤塑保温板，其保温效果相当于50mm厚发泡聚苯乙烯，120mm厚水泥珍珠岩。因此本材料是目前建筑保温的最佳之选。
　　{主词}属于硬质发泡材料的一种，该产品有着很好地保温效果，产品内部是连体状结构，能够加强气体的流通，这也让产品的温暖可以进行传递，让产品时刻都保持着保温效果；该产品的保温效果十分优异，闭孔式的产品结构让{主词}的表面光亮，可以更好的应用在建筑行业当中；材料在加工过程中添加部分的粘结剂，能够让产品的多个层面很好地粘接在一起，不会轻易的分离，可以将保温效果凸现出来；产品的导热性能平常，这也让产品不会轻易的达到着火点，常温状态下很难燃烧。{主词}拥有很好地抗压性质，这也让该产品可以承受重物的压力，在金属材料的撞击中也不会轻易的出现破裂。
锡林浩特
锡林浩特挤塑板联系方式 锡林浩特挤塑板联系方式 锡林浩特挤塑板 锡林浩特挤塑板电话
user cookielib in python2.
{u'status': 200, u'msg': u'', u'data': {u'id': 5261709}}
7
**********
【张家口宣化长河】是张家口挤塑板优质生产厂家，聚苯乙烯泡沫塑料分为膨胀性EPS和连续性挤出型XPS两种，与EPS板材相比，XPS板是第三代硬质发泡保温材料，从工艺上它克服EPS板繁杂的生产工艺，具有EPS板无法替代的优越性能。
　　挤塑板是以聚苯乙烯树脂辅以聚合物在加热混合的同时，注入催化剂，而后挤塑押出连续性闭孔发泡的硬质泡沫塑料板，其内部为独立的密闭式气泡结构，是一种具有高抗压、吸水率低、防潮、不透气、质轻、耐腐蚀、超抗老化(长期使用几乎无老化)、导热系数低等优异性能的环保型保温材料。
　　除了具有难燃防火的特性之外，B1级挤塑板还有很多其他的优点：譬如，吸湿性不大，吸水厚度膨胀率稳定，防潮性能卓越，不影响饰面、油漆等二次加工；具有较高的化学稳定性及优良的耐老化性；握螺钉力优良，不腐蚀金属链接件等等。
　　常见的挤塑板是以聚苯乙烯树脂为原料，经由特殊工艺连续挤出发泡成型的硬质发泡板材料，其内部为独立的密闭式气泡结构，是一种具有高抗压、不吸水、防潮、不透气、轻质、耐腐蚀、使用寿命长、导热系数低等优异性能的环保型保温材料，被广泛应用于墙体保温，低温储藏地面、泊车平台、机场跑道、高速公路等领域的防潮保温，控制地面冻胀，具有优异的隔热保温性能。
　　{主词}具备良好的防火性能，燃烧性能可达到难燃型B1级。{主词}国标的制定将推进该产业的快速成型，在有效完成建筑节能“十二五”发展规划的同时解决传统建筑节能材料防火性能差的问题。由于绝热能力的提升，{主词}对苯乙烯等有机原料的需求量将有所下滑，从而减少环境污染，使其在外墙保温领域具有十分巨大的应用潜力。
　　GB8624—2012《建筑材料及制品燃烧性能分级》规定的B级阻燃材料需要具备如下阻燃要求：GB/T20284《建筑材料及制品的单体燃烧试验》规定：FIGRA0.2MJ≤120W/s且火焰横向蔓延未到达试样长翼边缘且THR600s≤7.5MJ；GB/T8626《建筑材料可燃性试验方法》规定：60s内焰尖高度Fs≤150mm且60s内无燃烧滴落物引燃滤纸现象；GB/T20285《材料产烟毒性危险分级》规定：产烟毒性分级，{主词}用于外墙保温材料还需要满足氧指数OI≥30％。
　　挤塑板在出产的过程中，经过在聚苯乙烯中增加其他原资料出产而成。挤塑板相对于聚苯板具有更低的导热系数，一起厚度方面也相对较薄，可以更好的习惯不同施工环境对捍卫资料的商场需求。此外，挤塑板比聚苯板具有更好的紧缩强度，因而取得更广泛的运用。
乌兰察布
乌兰察布挤塑板联系方式 乌兰察布挤塑板联系方式 乌兰察布挤塑板 乌兰察布挤塑板生产
user cookielib in python2.
{u'status': 200, u'msg': u'', u'data': {u'id': 5261711}}
8
**********
【张家口宣化长河】是张家口挤塑板优质生产厂家，聚苯乙烯泡沫塑料分为膨胀性EPS和连续性挤出型XPS两种，与EPS板材相比，XPS板是第三代硬质发泡保温材料，从工艺上它克服EPS板繁杂的生产工艺，具有EPS板无法替代的优越性能。
　　吸水率是衡量保温材料的一个重要参数。保温材料吸水后保温性能随之下降，在低温情况下，吸入的水极易结冰，破坏了保温材料的结构，从而使板材的抗压及保温性能下降。由于聚苯乙烯分子结构本身不吸水，{主词}分子结构稳定，无间隙，解决了其它材料漏水、渗透、结霜、冷凝等问题。
　　挤塑板全称挤塑聚苯乙烯泡沫板，是外墙保温材料的一种，简称挤塑板，又名XPS板。挤塑板是以聚苯乙烯树脂辅以聚合物在加热混合的同时，注入催化剂，而后挤塑押出连续性闭孔发泡的硬质泡沫塑料板，其内部为独立的闭式气泡结构，加上其具有独特的抗蒸汽渗透性、较高的抗压强度、便捷的施工安装及长久的使用寿命，是重要的建筑节能保温隔热材料，是一种具有吸水率低、防潮、不透气、质轻、耐腐蚀、超抗老化、导热系数低等优异性能的建筑节能保温隔热材料。
　　挤塑聚苯板XPS，在我国应用较早，它是从欧美引入的技术，同时也是欧美国际知名企业进入我国推动挤塑聚苯板材料的发展，如美国的欧文斯科宁、陶氏，德国的可耐福，他们都是国内目前做挤塑聚苯板的国际知名企业。挤塑聚苯板国内生产企业也众多，产品质量上有一定差异，价格竞争激烈，与模塑聚苯板相比，价格之间差距大，在我国可将挤塑聚苯板企业分成三个档次，一线的国际知名品牌，二线的地方品牌，三线的中低档区域生产企业，价格也可以按照这三个档次进行划分。从挤塑聚苯板材料分析，此材料是目前国内比较理想的保温材料，保温性能仅次于酚醛板与聚氨酯板，但在防火安全方面较差，由其是近几年国内发生的几次重大建筑火灾事故都与挤塑聚苯板有关，所以挤塑聚苯板防火安全倍受关注。未来建筑外墙保温材料的发展，既要保温也要防火才是王道。
　　{主词}的抗压强度高，具备较强的抗冲击性。因为苯板的基础材料强度远远低于{主词}，所以它会经常出现破裂的状况，而且它的保温性能也没有{主词}高。吸水性超级棒。因为其孔隙率较小，所以吸水率相对较低，但是普通的苯板刚好相反，所以在使用的时候会比较容易潮湿，不能起到保温隔热的功效。吸水性低的板子保温效果就非常好。
外墙保温开裂渗漏的原因: 1.涂料施工质量不合格。 2.网格布搭接处处理不当、铺设位置不合理或者网格布铺设不到位等都会引起裂缝。 3.砖砌体表面平整度、牢固度、清洁度、胶粘剂、粘结面积等因素都会影响到涂料施工的好坏。 4.涂料饰层所用腻子柔韧性不够、耐水性不强、与所用涂料的兼容性差等因素都会引发起皮和开裂现象。 5.墙体外表面的缺陷。 6.主要是因为砖砌体表面平整度、牢固度、清洁度、固定脚手架空洞等没有得到很好地处理。导致保温层粘贴不牢固，引发外保温墙开裂。 7.原材料本身存在问题。 8.因挤塑聚苯板的导热系数远小于抗裂砂浆的导热系数，因此要求挤塑聚苯板的质量保养时间要到位。若保养时间不足就上墙，会导致后期出现收缩现象，最终导致防护层在挤塑聚苯板接缝处出现断裂。 9.用粘结材料将保温板固定到墙上就形成了保温层。粘结材料自身的粘结性不足或过大、粘结材料与被粘结材料不兼容等因素，都会导致保温层的开裂。 10.抹面砂浆的柔韧极限拉伸变形度的大小也直接影响到防护层的抗裂性，只有在基层发生最大变形时的变形量还小于砂浆的柔韧极限拉伸变形量时，才能保证外保温层不开裂。
内蒙
内蒙挤塑板便宜 内蒙挤塑板便宜 内蒙挤塑板 内蒙挤塑板最靠谱厂家
user cookielib in python2.
{u'status': 200, u'msg': u'', u'data': {u'id': 5261712}}
9
**********
【张家口宣化长河】是张家口挤塑板优质生产厂家，聚苯乙烯泡沫塑料分为膨胀性EPS和连续性挤出型XPS两种，与EPS板材相比，XPS板是第三代硬质发泡保温材料，从工艺上它克服EPS板繁杂的生产工艺，具有EPS板无法替代的优越性能。
　　聚苯乙烯泡沫塑料分为膨胀性EPS和连续性挤出型XPS两种，与EPS板材相比，XPS板是第三代硬质发泡保温材料，从工艺上它克服EPS板繁杂的生产工艺，具有EPS板无法替代的优越性能。它是由聚苯乙烯树脂及其它添加剂经挤压过程制造出的拥有连续均匀表层及闭孔式蜂窝结构的板材，这些蜂窝结构的厚板，完全不会出现空隙，这种闭孔式结构的保温材料可具有不同的压力（150-500Kpa）同时拥有同等低值的导热系数（仅为0.028W/M.K）和经久不衰的优良保温和抗压性能，抗压强度可达220-500Kpa。
　　国外建筑保温材料占所有保温材料的81%左右，国内这一比例不足10%。国内既有建筑约为480亿平方米，每年增长约20亿平方米。如果20%做节能处理，1平米节能投资150元，那么年市场增量为600亿元，这还不包括现存建筑的节能改造，而目前国内建筑保温市场还不到25亿元，发展空间极大。质地轻、使用方便{主词}的完全闭孔式发泡化学结构与其蜂窝状物理结构，使其具有轻质、高强度的特性，便于切割、运输，且不易破损、安装方便。
　　{主词}具有高热阻、低线性、膨胀比低的特点，其结构的闭孔率达到了99%以上，形成真空层，避免空气流动散热，确保其保温性能的持久和稳定，相对于发泡聚氨酯80%的闭孔率，领先优势不言而喻。实践证明20mm厚的XPS挤塑保温板，其保温效果相当于50mm厚发泡聚苯乙烯，120mm厚水泥珍珠岩。因此本材料是目前建筑保温的最佳之选。
外墙保温开裂渗漏的原因: 1.涂料施工质量不合格。 2.网格布搭接处处理不当、铺设位置不合理或者网格布铺设不到位等都会引起裂缝。 3.砖砌体表面平整度、牢固度、清洁度、胶粘剂、粘结面积等因素都会影响到涂料施工的好坏。 4.涂料饰层所用腻子柔韧性不够、耐水性不强、与所用涂料的兼容性差等因素都会引发起皮和开裂现象。 5.墙体外表面的缺陷。 6.主要是因为砖砌体表面平整度、牢固度、清洁度、固定脚手架空洞等没有得到很好地处理。导致保温层粘贴不牢固，引发外保温墙开裂。 7.原材料本身存在问题。 8.因挤塑聚苯板的导热系数远小于抗裂砂浆的导热系数，因此要求挤塑聚苯板的质量保养时间要到位。若保养时间不足就上墙，会导致后期出现收缩现象，最终导致防护层在挤塑聚苯板接缝处出现断裂。 9.用粘结材料将保温板固定到墙上就形成了保温层。粘结材料自身的粘结性不足或过大、粘结材料与被粘结材料不兼容等因素，都会导致保温层的开裂。 10.抹面砂浆的柔韧极限拉伸变形度的大小也直接影响到防护层的抗裂性，只有在基层发生最大变形时的变形量还小于砂浆的柔韧极限拉伸变形量时，才能保证外保温层不开裂。
山西
山西挤塑板便宜 山西挤塑板便宜 山西挤塑板 山西挤塑板生产
user cookielib in python2.
{u'status': 200, u'msg': u'', u'data': {u'id': 5261713}}
10
**********
【伊诺彩钢】产品不仅美观，安全，经济实用而且使用年限长，不褪色，我公司主要生产彩钢苯板复合板，彩钢岩棉复合板，彩钢玻璃丝棉复合板，冷库专用板，单板，楼承板，仿古瓦，c型钢，h钢。另经销阳光板，方管。
　　{主词}性能指标包括 　　基板：屈服强度、抗拉强度、延伸率 　　镀层：镀层重量、结合力 　　涂层：色差、光泽、T弯、冲击、硬度、 抗粉化性、耐湿热性等 　　表面：肉眼可见的表面缺陷等 　　板形：公差、不平度等 　　对建筑物来说，承载重量(风载荷、雪载荷、施工人员 和机械)、建筑物的跨度、檩距的设计等都依赖于钢板的强度，对于建筑维护结构用彩涂和镀铝锌板来说，国内外均有相应的标准。
　　{主词}是有基板和彩色的腹膜或者镀层构成的。我们首先得考虑基板和腹膜镀层的厚度，比较好的{主词}基板是0.02~0.05mm，覆膜或者涂层厚度往往只有0.15mm以下。因为从影响{主词}的使用时间来看，基板的厚度是很重要的。而有些生产{主词}的厂家往往在基板及{主词}涂层或覆膜上做手脚，他们降低基板的厚度，但是增加腹膜的厚度来降低{主词}的生产成本，这就大大降低了{主词}的使用寿命了。
　　{主词}是将一种有机涂层涂敷于钢材表面，它具有外表美观、色彩艳丽、强度高、耐蚀性好、加工成型方便等优点，而且还可以使用户降低成本、减少污染。
　　网纹{主词}″具有轻质、美观和良好的防腐蚀性能，网纹{主词}可直接加工，它给建筑业、造船业、车辆制造业、家电行业、电气行业 等提供了一种新型原材料，起到了以钢代木、高效施工、节约能源、防止污染等良好效果。
　　{主词}房产品具备价格适宜，造型美观、经济实用；具有防台风、抗地震、隔热、隔音、保温、防潮等特点；装拆方便、装置工期短、特别适用于应急工程的需要。
　　{主词}是一种带有有机涂层的钢板。{主词}涂层是冷轧钢板、镀锌钢板，进行表面化学处理后涂敷（辊涂）或复合有机薄膜（PVC膜等），再经烘烤固化而制成的产品。{主词}作为建筑业上的一大用材，随着科技的进步、环境意识的增强，人民生活水平的提高，{主词}越来越显示出强大的生命力和广阔的市场前景。
　　当然，{主词}的质量主要取决于{主词}生产厂，但是如果加工及安装设备和方法不当，也会在不同程度上引起最终产品的外观和使用寿命的损伤。
锡林浩特
锡林浩特彩钢板便宜 锡林浩特彩钢板便宜 锡林浩特彩钢板 锡林浩特彩钢板联系方式
user cookielib in python2.
{u'status': 200, u'msg': u'', u'data': {u'id': 5261714}}
1
**********
【伊诺彩钢】产品不仅美观，安全，经济实用而且使用年限长，不褪色，我公司主要生产彩钢苯板复合板，彩钢岩棉复合板，彩钢玻璃丝棉复合板，冷库专用板，单板，楼承板，仿古瓦，c型钢，h钢。另经销阳光板，方管。
　　对于镀层厚度来说，对屋面板及外墙板的一般要求是热镀锌≥180g/m2（约26μm），镀铝锌≥100g/m2(约27μm)，在使用环境处于重工业区或海边时，国外相关协会都有最低镀锌量的要求，如ECCA规范和澳大利亚标准要求镀锌层重量≥275g/m2（约38μm），镀铝锌≥150g/m2(约40μm)。
　　服役期间的维护可以延长{主词}使用寿命。虽然{主词}的建筑面板寿命比手工涂刷涂料的面板长很多年，它们仍需彻底进行清洗，在有雨水自动清洗的地方，如屋顶板，不需要进行维护。清洗可以清除积存的腐蚀物，保持建筑物美好外观而无需进行油漆，需要清洗的地方包括支架、滴水檐下侧板、仓库门板、滴水檐板背面沟槽等。
　　{主词}性能指标包括 　　基板：屈服强度、抗拉强度、延伸率 　　镀层：镀层重量、结合力 　　涂层：色差、光泽、T弯、冲击、硬度、 抗粉化性、耐湿热性等 　　表面：肉眼可见的表面缺陷等 　　板形：公差、不平度等 　　对建筑物来说，承载重量(风载荷、雪载荷、施工人员 和机械)、建筑物的跨度、檩距的设计等都依赖于钢板的强度，对于建筑维护结构用彩涂和镀铝锌板来说，国内外均有相应的标准。
　　用手指或用硬物敲击{主词}，{主词}的材质如果较差，则发出来的声音是闷的，金属声音不明显，材质较好的{主词}金属声音是比较响亮、清脆的。
　　建筑用{主词}一般是以热镀锌钢板和热镀铝锌钢板为基板，主要加工成瓦楞板，或聚氨酯复合夹芯板后，用于建造钢结构厂房、机场、库房、冷冻库等工业和商业建筑的屋顶、墙面、门等。
　　贴膜板首要着重外观效果，其图画多样、色泽美丽，有金属型、珠宝型、印染型、无规则点阵型，杰出其造型构思及与环境的协调性。对{主词}的运用，可依据用处的不同，挑选或着重某些功用匡。如修建用屋面板和外墙板，则着重其安全功能、寓居功能、经用功能、施工功能一{主词}的强度、耐候性、可加工性要求较高。
　　网纹{主词}″是以辊涂的方式在物体表面上涂上涂料，使网纹{主词}表面形成干燥保护膜，使其具有耐大气等腐蚀、耐污染等性能以保护基体，同时赋予色彩、光泽、花纹、平滑、立体感、接触感好等优点，使建筑物体美观。 
张家口
张家口彩钢生产 张家口彩钢生产 张家口彩钢 张家口彩钢便宜
user cookielib in python2.
{u'status': 200, u'msg': u'', u'data': {u'id': 5261715}}
2
**********
【伊诺彩钢】产品不仅美观，安全，经济实用而且使用年限长，不褪色，我公司主要生产彩钢苯板复合板，彩钢岩棉复合板，彩钢玻璃丝棉复合板，冷库专用板，单板，楼承板，仿古瓦，c型钢，h钢。另经销阳光板，方管。
　　如果在安装和使用过程中出现擦划伤，可能需要对缺陷部分进行补漆。补漆不当或过多可能损坏整个表面。1.5米处看上去不显眼的擦划伤最好不要进行修补，因为正常风蚀能将其掩盖。 补漆只需对涂层脱落部分进行修补，补漆前，对需要进行修补的部位需用酒精清除污物、石蜡及其他污秽。建议不使用喷补漆对大面积区域进行修补，因为喷补漆风干不如工厂预涂漆。与建筑板生产厂商或涂料供应商索取适合的喷补系统。 不推荐使用气溶胶或喷雾修补擦划伤缺陷。最佳的修补工具为高质量的画画刷。 如果按上述方法进行维护，{主词}将长时间保持其原有本色。
　　{主词}的侧向和端部搭接: 安装每一块钢板时，应将其边搭接准确地放在前一块钢板上，并与前一块钢板夹紧，直到钢板的两端都固定为止。一种简单而有效的方法是用一对夹口钳分别夹住所搭接的钢板。钢板沿纵向就位时，其端部尤其是上端部需用钳子夹住搭边部分，这样可保证钢板一端的就位，并使一端的搭接也处于正确的位置，从而固定住钢板，在固定的过程中，夹钳始终应在纵向夹住钢板。在安装下一块钢板之前，每块钢板必须完全被固定住。固定必须始于钢板的中心，然后向两边伸展，最后固定钢板的搭接边。对于端部搭接，由于屋面和墙面外形板是用连续加工的方法制成的，因此可按运输条件所限制的长度供应钢板，通常不需要搭接，钢板长度就足以满足屋面铺设的需要。出于对现场处理和运输考虑，必要时可用两块较短的钢板通过端部搭接来覆盖整个长度，每一列钢板的搭接顺序依次从底部到顶部，然后再放下一列。对使用穿透式固定法的屋面和墙面钢板端搭接需定位在支撑上。对坡度在1/12(50)-1/4(150)之间的屋面，钢板端部重迭长度至少为200mm；坡度超过1/4(150)时，重迭长度至少为150mm，而且钢板端部重叠部分的中点应在支撑件的中心。
　　是否有相关部门的检验标准。如果有可能的话尽量去{主词}的生产厂家实地考察。看看企业的环境怎么样，是否正规。市场上打听一下这个企业的口碑怎么样。
　　随着国内科技水平的不断提升，对于洁净室的需求也越来越严格，而洁净室所需的{主词}市场自然也迎来新的发展，{主词}是由不锈钢或者镀锌钢板作为面材的复合板，其独有的防尘、抗菌、耐腐蚀、防锈以及防静电等特性，使得板被广泛应用于电子、食品、医疗、生物制药、航空航天以及精密仪器等科研洁净室等高要求环境的工程领域之中。
集宁
集宁彩钢便宜 集宁彩钢便宜 集宁彩钢 集宁彩钢哪家质量好
user cookielib in python2.
{u'status': 200, u'msg': u'', u'data': {u'id': 5261716}}
3
**********
【伊诺彩钢】产品不仅美观，安全，经济实用而且使用年限长，不褪色，我公司主要生产彩钢苯板复合板，彩钢岩棉复合板，彩钢玻璃丝棉复合板，冷库专用板，单板，楼承板，仿古瓦，c型钢，h钢。另经销阳光板，方管。
　　现在{主词}出产中最老练且使用最广的涂装办法是辊涂法，其工艺流程是带料辊将涂料从涂料盘中带出，通过与涂敷辊的啮合，把涂料从带料辊转移到涂敷辊上，然后涂敷辊再将涂料涂在预处理后的钢板的上、下外表。
　　某钢铁公司在{主词}的出产过程中，发现在涂料盘中有很多的气泡发生，这会对{主词}的质量形成很大的影响。对{主词}出产过程中带料辊空转的状况进行了数值模仿，研讨了带料辊旋转速度、涂料盘内的涂料量、涂料盘的尺度、进出口方位以及涂料进口的速度对涂料起泡性和涂层均匀性的影响。
　　{主词}整体为金属质地，拼接牢固，所以比一般牌匾寿命延长5倍以上。亚克力字、铁字、吸塑字、钛金字不锈钢字、pvc字都可方便附着在{主词}之上。制作安装方便、快速。独特的安装拼接方式，比{主词}和方管节省80%的安装时间。
　　对颜色的选择主要是考虑与周围环境的匹配和业主的爱好，但从使用技术角度讲浅颜色热反射能力强、涂膜粉化后的反差小，如果清洗和维护得当，使用寿命会长，会更美观。对于光泽度来说，在{主词}的室外使用中，失光是最早发生的现象，尤其是高光泽度产品其最初的失光会很快。在光泽度降到20左右时会保持较长时间，这种现象在使用数月就会出现，因此，室外建筑用{主词}一般都是低光。另外，在同一建筑物中应使用同一家彩涂厂生产的产品。{主词}产品质量承诺20年不粉化，稳定保证。
　　如果在安装和使用过程中出现擦划伤，可能需要对缺陷部分进行补漆。补漆不当或过多可能损坏整个表面。1.5米处看上去不显眼的擦划伤最好不要进行修补，因为正常风蚀能将其掩盖。 补漆只需对涂层脱落部分进行修补，补漆前，对需要进行修补的部位需用酒精清除污物、石蜡及其他污秽。建议不使用喷补漆对大面积区域进行修补，因为喷补漆风干不如工厂预涂漆。与建筑板生产厂商或涂料供应商索取适合的喷补系统。 不推荐使用气溶胶或喷雾修补擦划伤缺陷。最佳的修补工具为高质量的画画刷。 如果按上述方法进行维护，{主词}将长时间保持其原有本色。
　　{主词}良好的外观和优异的性能唤醒了建筑设计师和屋主显现屋顶的兴趣，屋顶再也不是仅仅满足遮风挡雨的功能而需要具有设计特征。用{主词}制作的屋顶系统 可以增添其他建筑元素的色彩，可以获得屋顶板板辐和接缝大范围变化所带来的效果。 {主词}建筑屋顶坡度较陡，典型值为3:12甚至更高，以利于快速排泄雨水。坡度小的屋顶不易看见，通常选用镀铝锌光板，对于坡度小于1/4:12屋顶，采用镀铝锌光板更加经济，事实证明经过20年使用后仍保持优异的性能。 屋顶板通常不直接安放在屋檩上而放置在骨架上，骨架可以是木制或钢制。在屋顶板和支架之间通常垫放纸或类似材料。部分{主词}屋顶设计成屋顶结构直接接触的形式。屋顶板通常为扁平形状。可以采用细小的纵向肋条提高强度和成型。使用穿透钢板紧固件或是隐蔽的夹件将钢板固定在骨架上。屋顶板叠放或纵向焊合在一起。
乌兰察布
乌兰察布彩钢板价格 乌兰察布彩钢板价格 乌兰察布彩钢板 乌兰察布彩钢板便宜
user cookielib in python2.
{u'status': 200, u'msg': u'', u'data': {u'id': 5261717}}
4
**********
【伊诺彩钢】产品不仅美观，安全，经济实用而且使用年限长，不褪色，我公司主要生产彩钢苯板复合板，彩钢岩棉复合板，彩钢玻璃丝棉复合板，冷库专用板，单板，楼承板，仿古瓦，c型钢，h钢。另经销阳光板，方管。
　　{主词}因其表面有涂层，因此在加工时与普通冷轧板和镀层板存在很多不同的地方，最主要的区别就是必须在保证涂层完好的前提下进行成形加工。 虽然{主词}的建筑面板寿命比手工涂刷涂料的面板长很多年，但应用期间的维护可以延长{主词}使用寿命。 辊压成型是用{主词}生产建筑屋顶板和墙面板最常用的方式，辊压成型机通过机架上一系列不同形状的辊将钢卷压制成需要的形状。{主词}根据钢板的强度和延伸率、涂层特性、压型机的型号和维护状况不同而压制成各种各样的形状。
　　{主词}安装的固定方式: 固定方式分为穿透式和暗扣隐蔽式两种，穿透式固定是屋面和墙面{主词}安装的最常用方式，即用自攻螺钉或铆钉将彩板固定在支撑件(如檩条)上，穿透式固定分为波峰固定、波谷固定或他们的组合。暗扣隐蔽式固定是将与暗扣式彩板配套的特制暗扣先固定在支撑件(如檩条)上，彩板的母肋与暗扣的中心肋齿合的固定方法，一般用于屋面板的安装。
　　从微观上讲、涂层是多孔的组织。空气中的水、腐蚀介质(氯离子等)就会通过涂层的薄弱部分侵入，造成膜下腐蚀，进而涂层起泡并剥落。另外，即使同样涂层厚度，二次涂层要比一次涂层致密。根据国外报道和相关腐蚀试验结果，正面涂层20μm以上才能有效的防止腐蚀介质的侵入。PVDF类产品要求的涂膜更厚。对背面涂层的要求视用途而定，夹芯板只要求有一层可粘结的底漆,而成型钢板由于室内腐蚀环境因此也要求涂两层,厚度至少10μm以上。
　　{主词}通常指以金属带材为基底，在其外表涂以各类有机涂料的五颜六色涂层钢板的简称。{主词}以其丰厚的颜色和涂层对基板的维护效果，杰出的可加工功能，具有漂亮、耐腐蚀的特色，常做为露出部件而用于修建、家电、家具及轿车制作范畴。
　　当然，{主词}的质量主要取决于{主词}生产厂，但是如果加工及安装设备和方法不当，也会在不同程度上引起最终产品的外观和使用寿命的损伤。
　　{主词}的侧向和端部搭接: 安装每一块钢板时，应将其边搭接准确地放在前一块钢板上，并与前一块钢板夹紧，直到钢板的两端都固定为止。一种简单而有效的方法是用一对夹口钳分别夹住所搭接的钢板。钢板沿纵向就位时，其端部尤其是上端部需用钳子夹住搭边部分，这样可保证钢板一端的就位，并使一端的搭接也处于正确的位置，从而固定住钢板，在固定的过程中，夹钳始终应在纵向夹住钢板。在安装下一块钢板之前，每块钢板必须完全被固定住。固定必须始于钢板的中心，然后向两边伸展，最后固定钢板的搭接边。对于端部搭接，由于屋面和墙面外形板是用连续加工的方法制成的，因此可按运输条件所限制的长度供应钢板，通常不需要搭接，钢板长度就足以满足屋面铺设的需要。出于对现场处理和运输考虑，必要时可用两块较短的钢板通过端部搭接来覆盖整个长度，每一列钢板的搭接顺序依次从底部到顶部，然后再放下一列。对使用穿透式固定法的屋面和墙面钢板端搭接需定位在支撑上。对坡度在1/12(50)-1/4(150)之间的屋面，钢板端部重迭长度至少为200mm；坡度超过1/4(150)时，重迭长度至少为150mm，而且钢板端部重叠部分的中点应在支撑件的中心。
集宁
集宁彩钢板哪家好 集宁彩钢板哪家好 集宁彩钢板 集宁彩钢板哪家质量好
user cookielib in python2.
{u'status': 200, u'msg': u'', u'data': {u'id': 5261718}}
5
**********
【伊诺彩钢】产品不仅美观，安全，经济实用而且使用年限长，不褪色，我公司主要生产彩钢苯板复合板，彩钢岩棉复合板，彩钢玻璃丝棉复合板，冷库专用板，单板，楼承板，仿古瓦，c型钢，h钢。另经销阳光板，方管。
　　{主词}活动房具有轻质、高强度、保温隔热、美观耐用等优点，是建筑与装潢融为一体的高级建筑安装快捷。佰嘉鸿装饰发现{主词}不但易清洁，轻{主词}夹芯板平方米重量低于14KG可以充分减少结构负荷，还可有效降低装修造价，是厂房装修很好用的材料之一。
　　现在{主词}出产中最老练且使用最广的涂装办法是辊涂法，其工艺流程是带料辊将涂料从涂料盘中带出，通过与涂敷辊的啮合，把涂料从带料辊转移到涂敷辊上，然后涂敷辊再将涂料涂在预处理后的钢板的上、下外表。
　　对颜色的选择主要是考虑与周围环境的匹配和业主的爱好，但从使用技术角度讲浅颜色热反射能力强、涂膜粉化后的反差小，如果清洗和维护得当，使用寿命会长，会更美观。对于光泽度来说，在{主词}的室外使用中，失光是最早发生的现象，尤其是高光泽度产品其最初的失光会很快。在光泽度降到20左右时会保持较长时间，这种现象在使用数月就会出现，因此，室外建筑用{主词}一般都是低光。另外，在同一建筑物中应使用同一家彩涂厂生产的产品。{主词}产品质量承诺20年不粉化，稳定保证。
　　以聚苯乙烯和聚氨酯做夹芯的{主词}，燃点极低、阻燃性差，聚苯乙烯(泡沫)的燃点是346℃，仅比木材燃点高一点，聚氨酯燃点仅在130℃左右，跟普通纸张类似，遇到明火或电气线路短路会立即燃烧，产生大量含有一氧化碳和氰化的有毒浓烟。因此要采用防火性能好的岩棉或玻璃丝绵夹芯{主词}。室内外配备简易灭火器材。
　　{主词}的基本特点就是其重量轻、强度高，安装方便、灵活而且建造工期短，在山西钢结构工程中广泛应用。{主词}在未加工前是卷材的形式，经彩钢机组压制制成型后，加工成多种型号的建筑板材。山西盛大钢结构拥有多种型号的彩钢设备机组，包括彩钢单板（俗称彩钢瓦）、彩钢复合板（由上下{主词}）、彩钢夹芯板和彩钢折弯设备等，可满足各领域{主词}应用的加工。
　　某钢铁公司在{主词}的出产过程中，发现在涂料盘中有很多的气泡发生，这会对{主词}的质量形成很大的影响。对{主词}出产过程中带料辊空转的状况进行了数值模仿，研讨了带料辊旋转速度、涂料盘内的涂料量、涂料盘的尺度、进出口方位以及涂料进口的速度对涂料起泡性和涂层均匀性的影响。
乌兰察布
乌兰察布彩钢板价格 乌兰察布彩钢板价格 乌兰察布彩钢板 乌兰察布彩钢板推荐
user cookielib in python2.
{u'status': 200, u'msg': u'', u'data': {u'id': 5261719}}
6
**********
【伊诺彩钢】产品不仅美观，安全，经济实用而且使用年限长，不褪色，我公司主要生产彩钢苯板复合板，彩钢岩棉复合板，彩钢玻璃丝棉复合板，冷库专用板，单板，楼承板，仿古瓦，c型钢，h钢。另经销阳光板，方管。
　　钢板层首要承当刚度和强度功用；镀锌层具有抗腐蚀、耐热、耐候、可加工功用；化学转化膜应具有进步涂层与基板的粘附功用和抗腐蚀功用；底涂层应具有抗腐蚀、耐热、耐候、可加工性、颜色适合功用；外表涂层除具有底涂层的功用外，还应具有抗粉化脱落、耐磨、恰当硬度、光泽度及颜色功用。
　　{主词}在我们生活中应用很广，但是随着使用的时间长了，还有经常下雨等环境的影响，{主词}不可避免地会出现腐蚀现象。那么，{主词}屋面除锈防腐施工工艺是怎样的呢？
　　以聚苯乙烯和聚氨酯做夹芯的{主词}，燃点极低、阻燃性差，聚苯乙烯(泡沫)的燃点是346℃，仅比木材燃点高一点，聚氨酯燃点仅在130℃左右，跟普通纸张类似，遇到明火或电气线路短路会立即燃烧，产生大量含有一氧化碳和氰化的有毒浓烟。因此要采用防火性能好的岩棉或玻璃丝绵夹芯{主词}。室内外配备简易灭火器材。
　　服役期间的维护可以延长{主词}使用寿命。虽然{主词}的建筑面板寿命比手工涂刷涂料的面板长很多年，它们仍需彻底进行清洗，在有雨水自动清洗的地方，如屋顶板，不需要进行维护。清洗可以清除积存的腐蚀物，保持建筑物美好外观而无需进行油漆，需要清洗的地方包括支架、滴水檐下侧板、仓库门板、滴水檐板背面沟槽等。
　　拿到一块{主词}，我先观察{主词}外露钢材如断面等是否结晶细密，是否发灰、发暗和杂质。若切面是结晶细密型的则是质量比较优越的。
　　{主词}是一种带有有机涂层的钢板。{主词}涂层是冷轧钢板、镀锌钢板，进行表面化学处理后涂敷（辊涂）或复合有机薄膜（PVC膜等），再经烘烤固化而制成的产品。{主词}作为建筑业上的一大用材，随着科技的进步、环境意识的增强，人民生活水平的提高，{主词}越来越显示出强大的生命力和广阔的市场前景。
　　是否有相关部门的检验标准。如果有可能的话尽量去{主词}的生产厂家实地考察。看看企业的环境怎么样，是否正规。市场上打听一下这个企业的口碑怎么样。
集宁
集宁彩钢板咨询 集宁彩钢板咨询 集宁彩钢板 集宁彩钢板价格
user cookielib in python2.
{u'status': 200, u'msg': u'', u'data': {u'id': 5261720}}
7
**********
【伊诺彩钢】产品不仅美观，安全，经济实用而且使用年限长，不褪色，我公司主要生产彩钢苯板复合板，彩钢岩棉复合板，彩钢玻璃丝棉复合板，冷库专用板，单板，楼承板，仿古瓦，c型钢，h钢。另经销阳光板，方管。
　　某钢铁公司在{主词}的出产过程中，发现在涂料盘中有很多的气泡发生，这会对{主词}的质量形成很大的影响。对{主词}出产过程中带料辊空转的状况进行了数值模仿，研讨了带料辊旋转速度、涂料盘内的涂料量、涂料盘的尺度、进出口方位以及涂料进口的速度对涂料起泡性和涂层均匀性的影响。
　　对颜色的选择主要是考虑与周围环境的匹配和业主的爱好，但从使用技术角度讲浅颜色热反射能力强、涂膜粉化后的反差小，如果清洗和维护得当，使用寿命会长，会更美观。对于光泽度来说，在{主词}的室外使用中，失光是最早发生的现象，尤其是高光泽度产品其最初的失光会很快。在光泽度降到20左右时会保持较长时间，这种现象在使用数月就会出现，因此，室外建筑用{主词}一般都是低光。另外，在同一建筑物中应使用同一家彩涂厂生产的产品。{主词}产品质量承诺20年不粉化，稳定保证。
　　结果表明，对出产{主词}来说，带料辊旋转速度越大，涂层的均匀性越差；涂料盘里的涂料高度越高，涂料较容易发生起泡现象；涂料盘长度和宽度越大，涂层的均匀性相对越好；涂料进口速度越大，涂料的起泡性越强；涂料盘进、出口方位也会对涂层均匀性形成影响。
　　{主词}通常指以金属带材为基底，在其外表涂以各类有机涂料的五颜六色涂层钢板的简称。{主词}以其丰厚的颜色和涂层对基板的维护效果，杰出的可加工功能，具有漂亮、耐腐蚀的特色，常做为露出部件而用于修建、家电、家具及轿车制作范畴。
　　如果在安装和使用过程中出现擦划伤，可能需要对缺陷部分进行补漆。补漆不当或过多可能损坏整个表面。1.5米处看上去不显眼的擦划伤最好不要进行修补，因为正常风蚀能将其掩盖。 补漆只需对涂层脱落部分进行修补，补漆前，对需要进行修补的部位需用酒精清除污物、石蜡及其他污秽。建议不使用喷补漆对大面积区域进行修补，因为喷补漆风干不如工厂预涂漆。与建筑板生产厂商或涂料供应商索取适合的喷补系统。 不推荐使用气溶胶或喷雾修补擦划伤缺陷。最佳的修补工具为高质量的画画刷。 如果按上述方法进行维护，{主词}将长时间保持其原有本色。
　　{主词}的安装事项： 　　第一、起吊压型钢板时，用木板或柔软物垫在钢板与钢索之间，防止钢板刮伤或变形 　　第二、安装钢板前要先检查其外观质量，确保表面没有油污、泥沙、裂纹、剥落、擦痕等缺陷。 　　第三、钢板铺设的板肋搭接缝应该与当地常年的风向相背。 　　第四、下层钢板长向搭接长度为80—100mm，搭接处不需要上密封胶，从下面看压型钢板的接头处应该形成一条直线，并与檐口平行，接缝应均匀严密。 　　第五、上层压型钢板在屋脊的一端应该向上折弯80°角。上层压型钢板长向搭接长度应大于200mm，搭接处需上密封胶。从上面看压型钢板的接头处应该形成一条直线，并与檐口平行，接缝应均匀严密。 　　第六、泛水板、包角板的搭接长度应不小于100mm，搭接处需上密封胶。泛水板、包角板与压型钢板应用拉铆钉进行连接，纵向和横向连接的间距均不能大于1250px，应保证间距均匀，两面连接处应对称，用密封胶封住铆钉处。 　　第七、水槽、山墙泛水板与混凝土或砖女儿墙的结合处，应该用切割机将女儿墙切出深度大于10mm的缝缝隙，然后将泛水板的折边塞入缝隙中，刷上密封胶。使用水泥钉将泛水板固定于女儿墙上，用密封胶密封住水泥钉头。 　　第八、使用专用自攻枪打自攻钉，打每一排自攻钉均要带线，使一排自攻钉形成一条直线，并与屋脊或檐口平行，防止钻错孔，自攻钉应垂直于檩条和屋面板的连接面。 　　第九、安装过程中要进行定段检测，检查钢板两端的平直度和平行度。
集宁
集宁彩钢价格 集宁彩钢价格 集宁彩钢 集宁彩钢在线
user cookielib in python2.
{u'status': 200, u'msg': u'', u'data': {u'id': 5261721}}
8
**********
【伊诺彩钢】产品不仅美观，安全，经济实用而且使用年限长，不褪色，我公司主要生产彩钢苯板复合板，彩钢岩棉复合板，彩钢玻璃丝棉复合板，冷库专用板，单板，楼承板，仿古瓦，c型钢，h钢。另经销阳光板，方管。
　　随着当前工艺技术和建筑行业的发展，对于{主词}的需求也是与日俱增，但是它的不同分类并不是很多人都了解的，常常会出现选择的板材不适应环境的需求，这不但造成了资源的浪费，更可能会出现一些安全生产上的问题，所以不同的环境条件下要合理选择好{主词}。
　　{主词}是有基板和彩色的腹膜或者镀层构成的。我们首先得考虑基板和腹膜镀层的厚度，比较好的{主词}基板是0.02~0.05mm，覆膜或者涂层厚度往往只有0.15mm以下。因为从影响{主词}的使用时间来看，基板的厚度是很重要的。而有些生产{主词}的厂家往往在基板及{主词}涂层或覆膜上做手脚，他们降低基板的厚度，但是增加腹膜的厚度来降低{主词}的生产成本，这就大大降低了{主词}的使用寿命了。
　　{主词}，是一种带有有机涂层的钢板。随着科技的进步、环境意识的增强，人民生活水平的提高，{主词}活动房越来越显示出强大的生命力和广阔的市场前景，受到建筑、家电、机电、交通运输、室内装饰、办公器具等行业的青睐。而对于建筑业，主要用于钢结构厂房、机场、库房和冷冻等工业及商业建筑的屋顶墙面和门等。
　　随着国内科技水平的不断提升，对于洁净室的需求也越来越严格，而洁净室所需的{主词}市场自然也迎来新的发展，{主词}是由不锈钢或者镀锌钢板作为面材的复合板，其独有的防尘、抗菌、耐腐蚀、防锈以及防静电等特性，使得板被广泛应用于电子、食品、医疗、生物制药、航空航天以及精密仪器等科研洁净室等高要求环境的工程领域之中。
　　贴膜板首要着重外观效果，其图画多样、色泽美丽，有金属型、珠宝型、印染型、无规则点阵型，杰出其造型构思及与环境的协调性。对{主词}的运用，可依据用处的不同，挑选或着重某些功用匡。如修建用屋面板和外墙板，则着重其安全功能、寓居功能、经用功能、施工功能一{主词}的强度、耐候性、可加工性要求较高。
　　{主词}的基本特点就是其重量轻、强度高，安装方便、灵活而且建造工期短，在山西钢结构工程中广泛应用。{主词}在未加工前是卷材的形式，经彩钢机组压制制成型后，加工成多种型号的建筑板材。山西盛大钢结构拥有多种型号的彩钢设备机组，包括彩钢单板（俗称彩钢瓦）、彩钢复合板（由上下{主词}）、彩钢夹芯板和彩钢折弯设备等，可满足各领域{主词}应用的加工。
乌兰察布
乌兰察布彩钢地址 乌兰察布彩钢地址 乌兰察布彩钢 乌兰察布彩钢哪家质量好
user cookielib in python2.
{u'status': 200, u'msg': u'', u'data': {u'id': 5261722}}
9
**********
【伊诺彩钢】产品不仅美观，安全，经济实用而且使用年限长，不褪色，我公司主要生产彩钢苯板复合板，彩钢岩棉复合板，彩钢玻璃丝棉复合板，冷库专用板，单板，楼承板，仿古瓦，c型钢，h钢。另经销阳光板，方管。
　　对建筑物的最终业主来说，安全性和使用寿命是最重要的。对设计单位来讲，使用寿命、承载能力，外观等更看重。而对于建筑墙面及屋面的成型加工商来讲，{主词}的加工性（表面硬度、耐磨性、板形及钢板强度）是首选要求。
　　{主词}良好的外观和优异的性能唤醒了建筑设计师和屋主显现屋顶的兴趣，屋顶再也不是仅仅满足遮风挡雨的功能而需要具有设计特征。用{主词}制作的屋顶系统 可以增添其他建筑元素的色彩，可以获得屋顶板板辐和接缝大范围变化所带来的效果。 {主词}建筑屋顶坡度较陡，典型值为3:12甚至更高，以利于快速排泄雨水。坡度小的屋顶不易看见，通常选用镀铝锌光板，对于坡度小于1/4:12屋顶，采用镀铝锌光板更加经济，事实证明经过20年使用后仍保持优异的性能。 屋顶板通常不直接安放在屋檩上而放置在骨架上，骨架可以是木制或钢制。在屋顶板和支架之间通常垫放纸或类似材料。部分{主词}屋顶设计成屋顶结构直接接触的形式。屋顶板通常为扁平形状。可以采用细小的纵向肋条提高强度和成型。使用穿透钢板紧固件或是隐蔽的夹件将钢板固定在骨架上。屋顶板叠放或纵向焊合在一起。
　　{主词}安装的固定方式: 固定方式分为穿透式和暗扣隐蔽式两种，穿透式固定是屋面和墙面{主词}安装的最常用方式，即用自攻螺钉或铆钉将彩板固定在支撑件(如檩条)上，穿透式固定分为波峰固定、波谷固定或他们的组合。暗扣隐蔽式固定是将与暗扣式彩板配套的特制暗扣先固定在支撑件(如檩条)上，彩板的母肋与暗扣的中心肋齿合的固定方法，一般用于屋面板的安装。
　　{主词}是一种带有有机涂层的钢板。{主词}涂层是冷轧钢板、镀锌钢板，进行表面化学处理后涂敷（辊涂）或复合有机薄膜（PVC膜等），再经烘烤固化而制成的产品。{主词}作为建筑业上的一大用材，随着科技的进步、环境意识的增强，人民生活水平的提高，{主词}越来越显示出强大的生命力和广阔的市场前景。
　　{主词}的规格: 1、{主词}具有安装快捷、省时省材、平整度好、强度高等优点，特别适用于吊顶和隔断系统。 2、厚度：50~250㎜。 3、长度：板的长度可以根据用户的需求确定。 4、宽度：1150（1120）㎜。 5、芯材性能： 聚苯乙烯的体积密度≥15kg/m³，导热系数≤0.036w/m.k，最高使用温度大约为100℃。 岩棉的体积密度≥110kg/m³，导热系数≤0.043w/m.k，最高使用温度大约为500℃。
集宁
集宁彩钢板价格 集宁彩钢板价格 集宁彩钢板 集宁彩钢板厂家
user cookielib in python2.
{u'status': 200, u'msg': u'', u'data': {u'id': 5261723}}
10
**********
【伊诺彩钢】产品不仅美观，安全，经济实用而且使用年限长，不褪色，我公司主要生产彩钢苯板复合板，彩钢岩棉复合板，彩钢玻璃丝棉复合板，冷库专用板，单板，楼承板，仿古瓦，c型钢，h钢。另经销阳光板，方管。
　　随着国内科技水平的不断提升，对于洁净室的需求也越来越严格，而洁净室所需的{主词}市场自然也迎来新的发展，{主词}是由不锈钢或者镀锌钢板作为面材的复合板，其独有的防尘、抗菌、耐腐蚀、防锈以及防静电等特性，使得板被广泛应用于电子、食品、医疗、生物制药、航空航天以及精密仪器等科研洁净室等高要求环境的工程领域之中。
　　对颜色的选择主要是考虑与周围环境的匹配和业主的爱好，但从使用技术角度讲浅颜色热反射能力强、涂膜粉化后的反差小，如果清洗和维护得当，使用寿命会长，会更美观。对于光泽度来说，在{主词}的室外使用中，失光是最早发生的现象，尤其是高光泽度产品其最初的失光会很快。在光泽度降到20左右时会保持较长时间，这种现象在使用数月就会出现，因此，室外建筑用{主词}一般都是低光。另外，在同一建筑物中应使用同一家彩涂厂生产的产品。{主词}产品质量承诺20年不粉化，稳定保证。
　　{主词}产品主要分为：{主词}按涂料分类，塑料溶胶涂料、水基涂料、富锌涂料等；{主词}按使用基分类冷轧板、热镀锌板、合金化热镀锌板、电镀锌板、镀铝锌版板、不锈钢板等；{主词}按加工工艺分类意图一涂一烘、二涂二烘、三涂三烘。锟涂法、淋涂法、印刷法。印花或压花、层压法等。
　　{主词}活动房具有轻质、高强度、保温隔热、美观耐用等优点，是建筑与装潢融为一体的高级建筑安装快捷。{主词}活动房施工清洁，广泛用于大跨度厂房、仓库、办公楼、别墅、楼顶加层、空气房、冷库、商店、售货亭和临时用房。轻{主词}夹芯板平方米重量低于14KG可以充分减少结构负荷，降低活动房结构造价。
　　{主词}又简称为洁净板，是由不锈钢等材质作为面材的复合板，可采用岩棉、玻璃丝绵、纸蜂窝、陶铝板、玻镁板纸蜂七种芯材，{主词}、镀锌板、镀铝锌光板、不锈钢、印花钢板、铝箔纸、PVC、三合板等十几种敷材，二十余种板型的复合板。
　　{主词}，是一种带有有机涂层的钢板。随着科技的进步、环境意识的增强，人民生活水平的提高，{主词}活动房越来越显示出强大的生命力和广阔的市场前景，受到建筑、家电、机电、交通运输、室内装饰、办公器具等行业的青睐。而对于建筑业，主要用于钢结构厂房、机场、库房和冷冻等工业及商业建筑的屋顶墙面和门等。
张家口
张家口彩钢板哪家好 张家口彩钢板哪家好 张家口彩钢板 张家口彩钢板生产
user cookielib in python2.
{u'status': 200, u'msg': u'', u'data': {u'id': 5261724}}
1
**********
【伊诺彩钢】产品不仅美观，安全，经济实用而且使用年限长，不褪色，我公司主要生产彩钢苯板复合板，彩钢岩棉复合板，彩钢玻璃丝棉复合板，冷库专用板，单板，楼承板，仿古瓦，c型钢，h钢。另经销阳光板，方管。
　　{主词}的规格: 1、{主词}具有安装快捷、省时省材、平整度好、强度高等优点，特别适用于吊顶和隔断系统。 2、厚度：50~250㎜。 3、长度：板的长度可以根据用户的需求确定。 4、宽度：1150（1120）㎜。 5、芯材性能： 聚苯乙烯的体积密度≥15kg/m³，导热系数≤0.036w/m.k，最高使用温度大约为100℃。 岩棉的体积密度≥110kg/m³，导热系数≤0.043w/m.k，最高使用温度大约为500℃。
　　{主词}芯材是以玄武岩及其它天然矿石等为主要原料，经高温熔融成纤维，加入适量粘结剂，固化加工而制成的。是同类(夹芯板系列)中耐火性能最强的一种新型防火板材。适用于烘房、烤漆房、工业设备、建筑、船舶的绝热、隔音等，同时适用于电子洁净房、净化房、防爆防火车间吊顶、隔断等。
　　{主词}在我们生活中应用很广，但是随着使用的时间长了，还有经常下雨等环境的影响，{主词}不可避免地会出现腐蚀现象。那么，{主词}屋面除锈防腐施工工艺是怎样的呢？
　　{主词}整体为金属质地，拼接牢固，所以比一般牌匾寿命延长5倍以上。亚克力字、铁字、吸塑字、钛金字不锈钢字、pvc字都可方便附着在{主词}之上。制作安装方便、快速。独特的安装拼接方式，比{主词}和方管节省80%的安装时间。
　　{主词}是一种带有有机涂层的钢板。{主词}涂层是冷轧钢板、镀锌钢板，进行表面化学处理后涂敷（辊涂）或复合有机薄膜（PVC膜等），再经烘烤固化而制成的产品。{主词}作为建筑业上的一大用材，随着科技的进步、环境意识的增强，人民生活水平的提高，{主词}越来越显示出强大的生命力和广阔的市场前景。
　　对于镀层厚度来说，对屋面板及外墙板的一般要求是热镀锌≥180g/m2（约26μm），镀铝锌≥100g/m2(约27μm)，在使用环境处于重工业区或海边时，国外相关协会都有最低镀锌量的要求，如ECCA规范和澳大利亚标准要求镀锌层重量≥275g/m2（约38μm），镀铝锌≥150g/m2(约40μm)。
　　{主词}及其生产工艺实现了在工厂中通过自动化的设备将岩棉和钢板复合成一个整体，从而改变了以前岩棉板材需现场复合的方式，在满足建筑物保温隔热，隔声，防火等要求的前提下，更达到了优质、高效、可靠、安全的目标。该产品在欧洲经过广泛的应用，已成熟完善。
集宁
集宁彩钢批发 集宁彩钢批发 集宁彩钢 集宁彩钢哪家好
user cookielib in python2.
{u'status': 200, u'msg': u'', u'data': {u'id': 5261725}}
2
**********
【伊诺彩钢】产品不仅美观，安全，经济实用而且使用年限长，不褪色，我公司主要生产彩钢苯板复合板，彩钢岩棉复合板，彩钢玻璃丝棉复合板，冷库专用板，单板，楼承板，仿古瓦，c型钢，h钢。另经销阳光板，方管。
　　{主词}性能指标包括 　　基板：屈服强度、抗拉强度、延伸率 　　镀层：镀层重量、结合力 　　涂层：色差、光泽、T弯、冲击、硬度、 抗粉化性、耐湿热性等 　　表面：肉眼可见的表面缺陷等 　　板形：公差、不平度等 　　对建筑物来说，承载重量(风载荷、雪载荷、施工人员 和机械)、建筑物的跨度、檩距的设计等都依赖于钢板的强度，对于建筑维护结构用彩涂和镀铝锌板来说，国内外均有相应的标准。
　　对颜色的选择主要是考虑与周围环境的匹配和业主的爱好，但从使用技术角度讲浅颜色热反射能力强、涂膜粉化后的反差小，如果清洗和维护得当，使用寿命会长，会更美观。对于光泽度来说，在{主词}的室外使用中，失光是最早发生的现象，尤其是高光泽度产品其最初的失光会很快。在光泽度降到20左右时会保持较长时间，这种现象在使用数月就会出现，因此，室外建筑用{主词}一般都是低光。另外，在同一建筑物中应使用同一家彩涂厂生产的产品。{主词}产品质量承诺20年不粉化，稳定保证。
　　{主词}在很多场合都有使用，那么在后期使用{主词}时需要注意哪些东西呢，下面我们简单来看看吧： 1、{主词}不能在雨天使用，雨天进行保温层的施工会影响产品本身的效果，达不到正常的{主词}标准。 2、{主词}都是需要专门的聚合物胶水来粘贴的，在粘贴的时候一定要把握好时间，最好不要超过2个小时，以免影响胶水的黏性，影响施工。 3、在使用{主词}的时候一定要看下产品检测报告，确保没有污染，同时根据实际需要看下{主词}规格和厚度，一定要符合自己的需求。 4、一般彩钢房都是临时性的住所，很多人会选择在里边生火炉，这个时候一定要注意防火，{主词}就具有很好的防火保温性能，是非常不错的一款产品。
　　{主词}是指{主词}，{主词}是一种带有有机涂层的钢板。{主词}分为单板、彩钢复合板、楼承板等。{主词}的基板为冷轧基板，热镀锌基板和电镀锌基板；涂层种类可以分为聚酯、偏聚二氟乙烯和塑料溶胶；{主词}的表面状态可以分为涂层板、压花板和印花板。广泛应用于大型公共建筑、公共厂房、交通运输、活动板房以及集成房屋的墙面和屋面，民用建筑采用{主词}的比较少。
　　{主词}及其生产工艺实现了在工厂中通过自动化的设备将岩棉和钢板复合成一个整体，从而改变了以前岩棉板材需现场复合的方式，在满足建筑物保温隔热，隔声，防火等要求的前提下，更达到了优质、高效、可靠、安全的目标。该产品在欧洲经过广泛的应用，已成熟完善。
张家口
张家口彩钢直销 张家口彩钢直销 张家口彩钢 张家口彩钢哪家好
user cookielib in python2.
{u'status': 200, u'msg': u'', u'data': {u'id': 5261726}}
3
**********
【伊诺彩钢】产品不仅美观，安全，经济实用而且使用年限长，不褪色，我公司主要生产彩钢苯板复合板，彩钢岩棉复合板，彩钢玻璃丝棉复合板，冷库专用板，单板，楼承板，仿古瓦，c型钢，h钢。另经销阳光板，方管。
　　网纹{主词}″具有轻质、美观和良好的防腐蚀性能，网纹{主词}可直接加工，它给建筑业、造船业、车辆制造业、家电行业、电气行业 等提供了一种新型原材料，起到了以钢代木、高效施工、节约能源、防止污染等良好效果。
　　建筑物（屋面板和外墙板）本身对材料的要求可分成安全性能（耐冲击、耐风压和防火性）、居住性能（防水性、隔热性和隔音性）、耐久性能（耐污染性、耐侯性和外观保持性）、生产加工性（经济性、易加工、易维护和修补）。
　　低碳不仅仅是一句口号，更是一份责任。具有低碳概念的{主词}要抓住机遇，创造出一片更辉煌的天地！ 建筑节能与发展绿色建筑是加快建筑产业发展方式转变的突破口，也是降低建筑建造和使用过程中的能源资源消耗，也是健康生活的保障。绿色建材{主词}搭建了绿色未来，搭建了新的希望。 在我国的低碳建筑的话题成为焦点，任何行业都朝着无污染，高环保的方向在持续发展，作为建筑行业的低碳专家，{主词}越来越多的展现在了人们的视野中。
　　{主词}的侧向和端部搭接: 安装每一块钢板时，应将其边搭接准确地放在前一块钢板上，并与前一块钢板夹紧，直到钢板的两端都固定为止。一种简单而有效的方法是用一对夹口钳分别夹住所搭接的钢板。钢板沿纵向就位时，其端部尤其是上端部需用钳子夹住搭边部分，这样可保证钢板一端的就位，并使一端的搭接也处于正确的位置，从而固定住钢板，在固定的过程中，夹钳始终应在纵向夹住钢板。在安装下一块钢板之前，每块钢板必须完全被固定住。固定必须始于钢板的中心，然后向两边伸展，最后固定钢板的搭接边。对于端部搭接，由于屋面和墙面外形板是用连续加工的方法制成的，因此可按运输条件所限制的长度供应钢板，通常不需要搭接，钢板长度就足以满足屋面铺设的需要。出于对现场处理和运输考虑，必要时可用两块较短的钢板通过端部搭接来覆盖整个长度，每一列钢板的搭接顺序依次从底部到顶部，然后再放下一列。对使用穿透式固定法的屋面和墙面钢板端搭接需定位在支撑上。对坡度在1/12(50)-1/4(150)之间的屋面，钢板端部重迭长度至少为200mm；坡度超过1/4(150)时，重迭长度至少为150mm，而且钢板端部重叠部分的中点应在支撑件的中心。
锡林浩特
锡林浩特彩钢生产 锡林浩特彩钢生产 锡林浩特彩钢 锡林浩特彩钢咨询
user cookielib in python2.
{u'status': 200, u'msg': u'', u'data': {u'id': 5261727}}
4
**********
【伊诺彩钢】产品不仅美观，安全，经济实用而且使用年限长，不褪色，我公司主要生产彩钢苯板复合板，彩钢岩棉复合板，彩钢玻璃丝棉复合板，冷库专用板，单板，楼承板，仿古瓦，c型钢，h钢。另经销阳光板，方管。
　　对颜色的选择主要是考虑与周围环境的匹配和业主的爱好，但从使用技术角度讲浅颜色热反射能力强、涂膜粉化后的反差小，如果清洗和维护得当，使用寿命会长，会更美观。对于光泽度来说，在{主词}的室外使用中，失光是最早发生的现象，尤其是高光泽度产品其最初的失光会很快。在光泽度降到20左右时会保持较长时间，这种现象在使用数月就会出现，因此，室外建筑用{主词}一般都是低光。另外，在同一建筑物中应使用同一家彩涂厂生产的产品。{主词}产品质量承诺20年不粉化，稳定保证。
　　{主词}活动房自重轻，拼接式安装及可随意切割的特点，决定其活动房安装的简便，可大大的提高效益，节省工期。防火{主词}夹芯板的面质材料及保温材料为非燃材料，完全能够满足活动房防火规范要求。
　　{主词}是将一种有机涂层涂敷于钢材表面，它具有外表美观、色彩艳丽、强度高、耐蚀性好、加工成型方便等优点，而且还可以使用户降低成本、减少污染。
　　{主词}是有基板和彩色的腹膜或者镀层构成的。我们首先得考虑基板和腹膜镀层的厚度，比较好的{主词}基板是0.02~0.05mm，覆膜或者涂层厚度往往只有0.15mm以下。因为从影响{主词}的使用时间来看，基板的厚度是很重要的。而有些生产{主词}的厂家往往在基板及{主词}涂层或覆膜上做手脚，他们降低基板的厚度，但是增加腹膜的厚度来降低{主词}的生产成本，这就大大降低了{主词}的使用寿命了。
　　{主词}性能指标包括 　　基板：屈服强度、抗拉强度、延伸率 　　镀层：镀层重量、结合力 　　涂层：色差、光泽、T弯、冲击、硬度、 抗粉化性、耐湿热性等 　　表面：肉眼可见的表面缺陷等 　　板形：公差、不平度等 　　对建筑物来说，承载重量(风载荷、雪载荷、施工人员 和机械)、建筑物的跨度、檩距的设计等都依赖于钢板的强度，对于建筑维护结构用彩涂和镀铝锌板来说，国内外均有相应的标准。
　　建筑面板生产厂商能够大范围提供不同形状彩涂墙面板，宽大正面的所有区域的墙面板外观和所需的建筑效果能够完全一致。高质量的{主词}可以确保整个项目的钢板色彩和外观保持一致。 同样，由于使用一样的材料可以最大限度减少连接和转接技术问题，所以，对整体设计效果有关键影响的部件等可以采用大面积外覆件同样的材料、色彩和处理方法。 {主词}的选择主要考虑力学性能、基板种类和镀层重量、正面涂层性能和反面涂层性能用途、自然环境、设计年限、耐久性及变形程度等是选材时考虑的重要因素。
张家口
张家口彩钢板生产 张家口彩钢板生产 张家口彩钢板 张家口彩钢板最靠谱厂家
user cookielib in python2.
{u'status': 200, u'msg': u'', u'data': {u'id': 5261728}}
5
**********
【伊诺彩钢】产品不仅美观，安全，经济实用而且使用年限长，不褪色，我公司主要生产彩钢苯板复合板，彩钢岩棉复合板，彩钢玻璃丝棉复合板，冷库专用板，单板，楼承板，仿古瓦，c型钢，h钢。另经销阳光板，方管。
　　{主词}房产品具备价格适宜，造型美观、经济实用；具有防台风、抗地震、隔热、隔音、保温、防潮等特点；装拆方便、装置工期短、特别适用于应急工程的需要。
　　{主词}产品主要分为：{主词}按涂料分类，塑料溶胶涂料、水基涂料、富锌涂料等；{主词}按使用基分类冷轧板、热镀锌板、合金化热镀锌板、电镀锌板、镀铝锌版板、不锈钢板等；{主词}按加工工艺分类意图一涂一烘、二涂二烘、三涂三烘。锟涂法、淋涂法、印刷法。印花或压花、层压法等。
　　{主词}是指{主词}，{主词}是一种带有有机涂层的钢板。{主词}分为单板、彩钢复合板、楼承板等。{主词}的基板为冷轧基板，热镀锌基板和电镀锌基板；涂层种类可以分为聚酯、偏聚二氟乙烯和塑料溶胶；{主词}的表面状态可以分为涂层板、压花板和印花板。广泛应用于大型公共建筑、公共厂房、交通运输、活动板房以及集成房屋的墙面和屋面，民用建筑采用{主词}的比较少。
　　随着国内科技水平的不断提升，对于洁净室的需求也越来越严格，而洁净室所需的{主词}市场自然也迎来新的发展，{主词}是由不锈钢或者镀锌钢板作为面材的复合板，其独有的防尘、抗菌、耐腐蚀、防锈以及防静电等特性，使得板被广泛应用于电子、食品、医疗、生物制药、航空航天以及精密仪器等科研洁净室等高要求环境的工程领域之中。
　　因为传统钢板轻质度、漂亮度、强度及耐腐蚀功能越来越不能满意日益开展的市场需求，所以钢铁行业发生了一种新式的金属材料---{主词}。它不只保留了钢板的传统优秀功能，并且钢板更易成型，色泽新颖，还提高了其机械强度、漂亮度。
　　{主词}性能指标包括 　　基板：屈服强度、抗拉强度、延伸率 　　镀层：镀层重量、结合力 　　涂层：色差、光泽、T弯、冲击、硬度、 抗粉化性、耐湿热性等 　　表面：肉眼可见的表面缺陷等 　　板形：公差、不平度等 　　对建筑物来说，承载重量(风载荷、雪载荷、施工人员 和机械)、建筑物的跨度、檩距的设计等都依赖于钢板的强度，对于建筑维护结构用彩涂和镀铝锌板来说，国内外均有相应的标准。
　　{主词}及其生产工艺实现了在工厂中通过自动化的设备将岩棉和钢板复合成一个整体，从而改变了以前岩棉板材需现场复合的方式，在满足建筑物保温隔热，隔声，防火等要求的前提下，更达到了优质、高效、可靠、安全的目标。该产品在欧洲经过广泛的应用，已成熟完善。
乌兰察布
乌兰察布彩钢地址 乌兰察布彩钢地址 乌兰察布彩钢 乌兰察布彩钢批发
user cookielib in python2.
{u'status': 200, u'msg': u'', u'data': {u'id': 5261729}}
6
**********
【伊诺彩钢】产品不仅美观，安全，经济实用而且使用年限长，不褪色，我公司主要生产彩钢苯板复合板，彩钢岩棉复合板，彩钢玻璃丝棉复合板，冷库专用板，单板，楼承板，仿古瓦，c型钢，h钢。另经销阳光板，方管。
　　服役期间的维护可以延长{主词}使用寿命。虽然{主词}的建筑面板寿命比手工涂刷涂料的面板长很多年，它们仍需彻底进行清洗，在有雨水自动清洗的地方，如屋顶板，不需要进行维护。清洗可以清除积存的腐蚀物，保持建筑物美好外观而无需进行油漆，需要清洗的地方包括支架、滴水檐下侧板、仓库门板、滴水檐板背面沟槽等。
　　{主词}的侧向和端部搭接: 安装每一块钢板时，应将其边搭接准确地放在前一块钢板上，并与前一块钢板夹紧，直到钢板的两端都固定为止。一种简单而有效的方法是用一对夹口钳分别夹住所搭接的钢板。钢板沿纵向就位时，其端部尤其是上端部需用钳子夹住搭边部分，这样可保证钢板一端的就位，并使一端的搭接也处于正确的位置，从而固定住钢板，在固定的过程中，夹钳始终应在纵向夹住钢板。在安装下一块钢板之前，每块钢板必须完全被固定住。固定必须始于钢板的中心，然后向两边伸展，最后固定钢板的搭接边。对于端部搭接，由于屋面和墙面外形板是用连续加工的方法制成的，因此可按运输条件所限制的长度供应钢板，通常不需要搭接，钢板长度就足以满足屋面铺设的需要。出于对现场处理和运输考虑，必要时可用两块较短的钢板通过端部搭接来覆盖整个长度，每一列钢板的搭接顺序依次从底部到顶部，然后再放下一列。对使用穿透式固定法的屋面和墙面钢板端搭接需定位在支撑上。对坡度在1/12(50)-1/4(150)之间的屋面，钢板端部重迭长度至少为200mm；坡度超过1/4(150)时，重迭长度至少为150mm，而且钢板端部重叠部分的中点应在支撑件的中心。
　　{主词}的基本特点就是其重量轻、强度高，安装方便、灵活而且建造工期短，在山西钢结构工程中广泛应用。{主词}在未加工前是卷材的形式，经彩钢机组压制制成型后，加工成多种型号的建筑板材。山西盛大钢结构拥有多种型号的彩钢设备机组，包括彩钢单板（俗称彩钢瓦）、彩钢复合板（由上下{主词}）、彩钢夹芯板和彩钢折弯设备等，可满足各领域{主词}应用的加工。
　　第一，{主词}采用高质量基板，对基板的表面、板形及尺寸精度要求都愈来愈高，室外用的如小锌花平整热镀锌钢卷、无锌花平整热镀锌钢卷及时下兴起的锌合金热镀卷；室内用如电镀锌钢卷、贴膜冷轧板及铝板卷。 　　第二，改进预处理工艺及预处理液，设备数量少，成本低成为主流工艺，不断改进预处理液的稳定性、抗蚀性、环保性能。 　　第三，注重新涂料的开发，对一般聚酯、聚偏氟乙烯（PVDF）和塑料溶胶进行改良，获得超级颜色重现性，抗紫外线、抗二氧化硫、提高耐蚀性；开发耐污染、吸热等功能性涂料。 　　第四，机组设备更完善。如采用新型焊机、新型辊涂机、完善固化炉、配置先进的自动化仪表等。 　　第五，由于冷压花比热压花成本低，具有美观、立体感、强度高等特点，使冷压花生产技术成为发展趋势。 　　第六，{主词}注重产品的多样化、功能化、高档化，如深冲型{主词}、“柚子皮”{主词}、防静电{主词}、耐污染{主词}、高吸热性{主词}等。
集宁
集宁彩钢在线 集宁彩钢在线 集宁彩钢 集宁彩钢哪家好
user cookielib in python2.
{u'status': 200, u'msg': u'', u'data': {u'id': 5261730}}
7
**********
【伊诺彩钢】产品不仅美观，安全，经济实用而且使用年限长，不褪色，我公司主要生产彩钢苯板复合板，彩钢岩棉复合板，彩钢玻璃丝棉复合板，冷库专用板，单板，楼承板，仿古瓦，c型钢，h钢。另经销阳光板，方管。
　　{主词}产品主要分为：{主词}按涂料分类，塑料溶胶涂料、水基涂料、富锌涂料等；{主词}按使用基分类冷轧板、热镀锌板、合金化热镀锌板、电镀锌板、镀铝锌版板、不锈钢板等；{主词}按加工工艺分类意图一涂一烘、二涂二烘、三涂三烘。锟涂法、淋涂法、印刷法。印花或压花、层压法等。
　　{主词}在很多场合都有使用，那么在后期使用{主词}时需要注意哪些东西呢，下面我们简单来看看吧： 1、{主词}不能在雨天使用，雨天进行保温层的施工会影响产品本身的效果，达不到正常的{主词}标准。 2、{主词}都是需要专门的聚合物胶水来粘贴的，在粘贴的时候一定要把握好时间，最好不要超过2个小时，以免影响胶水的黏性，影响施工。 3、在使用{主词}的时候一定要看下产品检测报告，确保没有污染，同时根据实际需要看下{主词}规格和厚度，一定要符合自己的需求。 4、一般彩钢房都是临时性的住所，很多人会选择在里边生火炉，这个时候一定要注意防火，{主词}就具有很好的防火保温性能，是非常不错的一款产品。
　　随着国内科技水平的不断提升，对于洁净室的需求也越来越严格，而洁净室所需的{主词}市场自然也迎来新的发展，{主词}是由不锈钢或者镀锌钢板作为面材的复合板，其独有的防尘、抗菌、耐腐蚀、防锈以及防静电等特性，使得板被广泛应用于电子、食品、医疗、生物制药、航空航天以及精密仪器等科研洁净室等高要求环境的工程领域之中。
　　{主词}良好的外观和优异的性能唤醒了建筑设计师和屋主显现屋顶的兴趣，屋顶再也不是仅仅满足遮风挡雨的功能而需要具有设计特征。用{主词}制作的屋顶系统 可以增添其他建筑元素的色彩，可以获得屋顶板板辐和接缝大范围变化所带来的效果。 {主词}建筑屋顶坡度较陡，典型值为3:12甚至更高，以利于快速排泄雨水。坡度小的屋顶不易看见，通常选用镀铝锌光板，对于坡度小于1/4:12屋顶，采用镀铝锌光板更加经济，事实证明经过20年使用后仍保持优异的性能。 屋顶板通常不直接安放在屋檩上而放置在骨架上，骨架可以是木制或钢制。在屋顶板和支架之间通常垫放纸或类似材料。部分{主词}屋顶设计成屋顶结构直接接触的形式。屋顶板通常为扁平形状。可以采用细小的纵向肋条提高强度和成型。使用穿透钢板紧固件或是隐蔽的夹件将钢板固定在骨架上。屋顶板叠放或纵向焊合在一起。
乌兰察布
乌兰察布彩钢咨询 乌兰察布彩钢咨询 乌兰察布彩钢 乌兰察布彩钢电话
user cookielib in python2.
{u'status': 200, u'msg': u'', u'data': {u'id': 5261731}}
8
**********
【伊诺彩钢】产品不仅美观，安全，经济实用而且使用年限长，不褪色，我公司主要生产彩钢苯板复合板，彩钢岩棉复合板，彩钢玻璃丝棉复合板，冷库专用板，单板，楼承板，仿古瓦，c型钢，h钢。另经销阳光板，方管。
　　建筑面板生产厂商能够大范围提供不同形状彩涂墙面板，宽大正面的所有区域的墙面板外观和所需的建筑效果能够完全一致。高质量的{主词}可以确保整个项目的钢板色彩和外观保持一致。 同样，由于使用一样的材料可以最大限度减少连接和转接技术问题，所以，对整体设计效果有关键影响的部件等可以采用大面积外覆件同样的材料、色彩和处理方法。 {主词}的选择主要考虑力学性能、基板种类和镀层重量、正面涂层性能和反面涂层性能用途、自然环境、设计年限、耐久性及变形程度等是选材时考虑的重要因素。
　　{主词}的分类: （1） 按使用基板分。基板：冷轧钢板、热镀锌钢板、热镀锌合金化钢板、热镀锌－铝系合金钢板、电镀锌合金板钢、电镀锌钢板、镀锡钢板、镀铬（无锡）钢板、铝板等。 （2） 按加工工艺分。 a) 按涂敷方法不同：辊涂法、喷涂法、淋涂法、粉末法、覆膜法、印刷法等。 b) 按涂敷次数不同：一涂一烘、二涂二烘、三涂三烘、四涂四烘等。 c) 按压花或印花加工分：木板纹、大理石纹或羊皮纹、水泥砂浆纹等。此外还有表面植绒产品。 （3） 按涂料种类分。聚氯乙稀涂层钢板、聚酯涂层钢板、丙烯酸涂层钢板、氟碳图层钢板、硅聚酯涂层板等。 （4） 按涂层性能特点分。高耐候涂层板、耐高温涂层板、自熄涂层板、灭菌涂层板、不粘雪（用于屋顶）涂层板、耐指纹涂层板、自润滑涂层板等。 （5） 按特殊涂料和用途分。如以环氧富锌涂料、以冷轧钢板为极板的有机涂层板，有表面植绒钢板以及一些特殊有机涂层复层板，如贴木膜板、夹心板、防震板。
　　随着国内科技水平的不断提升，对于洁净室的需求也越来越严格，而洁净室所需的{主词}市场自然也迎来新的发展，{主词}是由不锈钢或者镀锌钢板作为面材的复合板，其独有的防尘、抗菌、耐腐蚀、防锈以及防静电等特性，使得板被广泛应用于电子、食品、医疗、生物制药、航空航天以及精密仪器等科研洁净室等高要求环境的工程领域之中。
　　{主词}的规格: 1、{主词}具有安装快捷、省时省材、平整度好、强度高等优点，特别适用于吊顶和隔断系统。 2、厚度：50~250㎜。 3、长度：板的长度可以根据用户的需求确定。 4、宽度：1150（1120）㎜。 5、芯材性能： 聚苯乙烯的体积密度≥15kg/m³，导热系数≤0.036w/m.k，最高使用温度大约为100℃。 岩棉的体积密度≥110kg/m³，导热系数≤0.043w/m.k，最高使用温度大约为500℃。
张家口
张家口彩钢板便宜 张家口彩钢板便宜 张家口彩钢板 张家口彩钢板价格
user cookielib in python2.
{u'status': 200, u'msg': u'', u'data': {u'id': 5261732}}
9
**********
【伊诺彩钢】产品不仅美观，安全，经济实用而且使用年限长，不褪色，我公司主要生产彩钢苯板复合板，彩钢岩棉复合板，彩钢玻璃丝棉复合板，冷库专用板，单板，楼承板，仿古瓦，c型钢，h钢。另经销阳光板，方管。
　　当然，{主词}的质量主要取决于{主词}生产厂，但是如果加工及安装设备和方法不当，也会在不同程度上引起最终产品的外观和使用寿命的损伤。
　　{主词}又简称为洁净板，是由不锈钢等材质作为面材的复合板，可采用岩棉、玻璃丝绵、纸蜂窝、陶铝板、玻镁板纸蜂七种芯材，{主词}、镀锌板、镀铝锌光板、不锈钢、印花钢板、铝箔纸、PVC、三合板等十几种敷材，二十余种板型的复合板。
　　依据运用条件。{主词}应具有如下功用：在运用环境中能接受制品的分量，并在外力效果时具有坚持本身形状的功用，具有杰出的加工成形的功用。具有优秀的抗腐蚀、耐粉化抗脱落功用，{主词}的这些功用是由构成{主词}中的各层面资料所供给的。
　　随着国内科技水平的不断提升，对于洁净室的需求也越来越严格，而洁净室所需的{主词}市场自然也迎来新的发展，{主词}是由不锈钢或者镀锌钢板作为面材的复合板，其独有的防尘、抗菌、耐腐蚀、防锈以及防静电等特性，使得板被广泛应用于电子、食品、医疗、生物制药、航空航天以及精密仪器等科研洁净室等高要求环境的工程领域之中。
　　{主词}表面决不允许金属锉屑、钻屑、切屑和其他金属物件如铆钉和紧固件等残留，因为金属残留物受侵蚀后将引起锈斑。这些残留物一经发现，需立即从屋顶扫除，或至少在每天施工结束后进行清扫。避免在上面行走以避免破坏漆膜。在严格要求的场合，建筑物安装2周内需进行检查，以去除可能生锈的残留物质。此时清除残留物将有助于屋顶外观保持长久。
　　{主词}性能指标包括 　　基板：屈服强度、抗拉强度、延伸率 　　镀层：镀层重量、结合力 　　涂层：色差、光泽、T弯、冲击、硬度、 抗粉化性、耐湿热性等 　　表面：肉眼可见的表面缺陷等 　　板形：公差、不平度等 　　对建筑物来说，承载重量(风载荷、雪载荷、施工人员 和机械)、建筑物的跨度、檩距的设计等都依赖于钢板的强度，对于建筑维护结构用彩涂和镀铝锌板来说，国内外均有相应的标准。
　　建筑物（屋面板和外墙板）本身对材料的要求可分成安全性能（耐冲击、耐风压和防火性）、居住性能（防水性、隔热性和隔音性）、耐久性能（耐污染性、耐侯性和外观保持性）、生产加工性（经济性、易加工、易维护和修补）。
张家口
张家口彩钢板生产 张家口彩钢板生产 张家口彩钢板 张家口彩钢板批发
user cookielib in python2.
{u'status': 200, u'msg': u'', u'data': {u'id': 5261733}}
10
**********
　　张家口除甲醛【康达】我们的服务范围是：室内环保知识咨询、室内环境检测、室内（车内）环境治理、空气净化器经销、纳米矿晶吸附材料经销、甲醛自测盒经销、室内环境空气质量评估、室内环境污染有效防治措施制定等等，我们不仅专业于室内环保领域而且专一于室内环保行业。
　　脱色活性炭，果壳和木屑为原料，经特殊生产工艺精制而成。有物理法和化学法两种。外观为黑色细微粉末，无毒、无嗅、无味，在一般溶液中均不溶解。具有比表面积大，吸附力强、纯度高、滤速快，质量稳定等特点。 　　适用于制糖、制药、饮料和有机溶剂的脱色、除杂、精制和提纯，并在水质净化、污水处理方面广泛应用。
　　当前长租公寓是很多年轻人的选择。尽管工资未曾达到预期，但是生活的标准也是不能降低的。一人一室一厅，猫狗双全，是很多人的理想。然而一次一次爆发的长租公寓甲醛问题，一份份不具有法律效力的室内空气检测报告，令大家陷入了迷茫。
　　物理吸附法即活性炭吸附，活性炭原用于装修后的异味吸附，对室内污染物的吸附也有一定的作用。活性炭除甲醛属于物理吸附的一种，也是一种比较安全的除甲醛方法。但是，活性炭有一个缺点，那就是吸附易饱和且使用寿命较短，一般情况不建议使用，太浪费money了。
　　1994年以来卫生部放射卫生监督检测所调查了14个城市的1524座写字楼和居室，发现室内氡浓度超标的占6．8％，氡含量最高的超过标准6倍；室内氡气污染具有长期性、隐蔽性和危害大、不易彻底消除等特点，如果不能及时发现和消除，后患无穷。专家建议，在室内氡气的防治问题上，公众要注意以下常识：第一，在建房或者购房前，可以请有关机构做氡气测试，从源头上控制预防；第二，尽可能封闭地面、墙体的缝隙，降低氡气的析出量；第三，经常保持室内通风；第四，在室内装修时，尽量减少石材、瓷砖等容易产生辐射和氡气的材料，选用时应当向商家索取放射性检测合格证明；第五，已经入住的房屋，如果认为有氡气超标的可能，可以委托专业部门进行检测，针对检测结果请专家提出合理的处理方案。
　　研究人员通过模拟含有甲醛的居室，测定了一些常见的室内盆栽观赏植物对甲醛的处理能力。从实验得到的吸收效率来看，植物处理甲醛的能力还不足以在短时间内 显著降低一般居室内的甲醛浓度。[2][3] 举例来说，目前被广泛推崇的吊兰处理甲醛的平均速度是1平方米大的叶片每小时处理0.15毫克的甲醛。[2] 实际上，通常一株的吊兰的叶面积不足0.1平方米。也就说，一棵吊兰1天之内能处理的甲醛总量只有0.36毫克。如果100平米，层高3米的居室内，甲醛 浓度是0.5毫克/立方米的，总共有150毫克甲醛，要降到安全标准（0.1毫克/立方米）[4]就需要至少清除120毫克甲醛。那这棵吊兰要辛辛苦苦工 作333天。当然，这还不算上从装饰材料里新挥发出来的甲醛。

Traceback (most recent call last):
  File "autoCreate.py", line 101, in <module>
    title,key1,key2,key3=TitleAndKeys(sys.argv[1])
  File "autoCreate.py", line 60, in TitleAndKeys
    count = len(open(path+'second',encoding='utf8').readlines())#获取行数
FileNotFoundError: [Errno 2] No such file or directory: './kangda/chujiaquansecond'
user cookielib in python2.
{u'status': 200, u'msg': u'', u'data': {u'id': 5261734}}
1
**********
　　张家口除甲醛【康达】我们的服务范围是：室内环保知识咨询、室内环境检测、室内（车内）环境治理、空气净化器经销、纳米矿晶吸附材料经销、甲醛自测盒经销、室内环境空气质量评估、室内环境污染有效防治措施制定等等，我们不仅专业于室内环保领域而且专一于室内环保行业。
　　如何绕过甲醛家具的大坑呢？ 首先，有条件的话尽量避免使用人造板，或尝试选择甲醛含量较低的人造板，这是避免室内甲醛超标重要的一步。 其次，尽量在预算允许的条件下选择天然实木家具。 如果实在不能使用实木家具，请考虑使用环保材料。例如，减少使用箱床，可以使用塑料，布料，藤条储物箱替代；在壁挂式衣柜或衣帽间，可以使用其他材质储物架。首先，选择甲醛释放值低的板 如果板材的甲醛释放值低到可以忽略释放甲醛，那么它绝对是一个不必担心甲醛的板材。 其次，在单位区域内，板材的使用尽可能减少。 所谓的每单位面积的板材使用量尽可能减少，主要是因为即使板材的甲醛释放值低，也不适合在小房间内放置过多的板式家具，累积起来同样会超标。 第三，尝试使用更少的箱体。 所谓的箱体是指像抽屉或橱柜这样的箱形体，它们的特征是大部分时间都是封闭的。 在封闭的盒子内部，从木材中释放的甲醛不能扩散。虽然从表面看，有较少的甲醛释放到室内，但是当使用抽屉和橱柜时，内部积聚的甲醛会释放到室内，这将不可避免地导致室内甲醛过多。此外，箱内甲醛的积累导致板材中甲醛的释放速度减慢，从而延长了甲醛的释放时间，原来五年的释放时间可能增加到十年以上。
　　一个空间若要彻底清除污染，理想做法是，经过测算在不同位置灵活轮换摆放，或多摆放几台。每台空气净化器在单位时间内的有效循环次数也不同，也就是说在开启足够时间下才能有效吸附颗粒物。开启1小时、3小时、6小时还是一天甚至几天才有作用，每个产品各有差异。但开启时间越久，越加快磨损机器，过滤网越需及时更换。
　　脱色活性炭，果壳和木屑为原料，经特殊生产工艺精制而成。有物理法和化学法两种。外观为黑色细微粉末，无毒、无嗅、无味，在一般溶液中均不溶解。具有比表面积大，吸附力强、纯度高、滤速快，质量稳定等特点。 　　适用于制糖、制药、饮料和有机溶剂的脱色、除杂、精制和提纯，并在水质净化、污水处理方面广泛应用。
　　当前长租公寓是很多年轻人的选择。尽管工资未曾达到预期，但是生活的标准也是不能降低的。一人一室一厅，猫狗双全，是很多人的理想。然而一次一次爆发的长租公寓甲醛问题，一份份不具有法律效力的室内空气检测报告，令大家陷入了迷茫。

Traceback (most recent call last):
  File "autoCreate.py", line 101, in <module>
    title,key1,key2,key3=TitleAndKeys(sys.argv[1])
  File "autoCreate.py", line 60, in TitleAndKeys
    count = len(open(path+'second',encoding='utf8').readlines())#获取行数
FileNotFoundError: [Errno 2] No such file or directory: './kangda/chujiaquansecond'
user cookielib in python2.
{u'status': 200, u'msg': u'', u'data': {u'id': 5261735}}
2
**********
　　张家口除甲醛【康达】我们的服务范围是：室内环保知识咨询、室内环境检测、室内（车内）环境治理、空气净化器经销、纳米矿晶吸附材料经销、甲醛自测盒经销、室内环境空气质量评估、室内环境污染有效防治措施制定等等，我们不仅专业于室内环保领域而且专一于室内环保行业。
　　冬季室内温度一般都很高，正好是甲醛挥发的最好时机，也正好是室内最不流通的时候，全部堆积在室内各个角落里以及空气中！家里正在装修的一定得提高警惕了，在选择治理方法时，要选择科学的、有据可循的方法，不可偏信“土方”。让室内少一点污染，多一点健康，为家人的健康保驾护航。入住前一定要请专业机构进行甲醛检测，检测和治理达到国家入住标准方可入住。
　　光触媒在光的照射下，会产生类似光合作用的光催化反应，产生出氧化能力极强的自由氢氧基和活性氧，具有很强的光氧化还原功能，可氧化分解各种有机化合物和部分无机物，能破坏细菌的细胞膜和固化病毒的蛋白质，可杀灭细菌和分解有机污染物，把有机污染物分解成无污染的水（H2O）、二氧化碳（CO2）和其它无害物质，因而具有极强的杀菌、除臭、防霉、防污自洁、净化空气功能。 理论上来讲，光触媒是一种最优质的除甲醛产品，而事实上光触媒要发挥作用，要有紫外线光来激发，而房间内不可能一直存在紫外线光，尤其是一些抽屉里，柜子背面等甲醛释放最严重的地方，更是见不到光线。这就限制了光触媒的作用。
　　研究人员通过模拟含有甲醛的居室，测定了一些常见的室内盆栽观赏植物对甲醛的处理能力。从实验得到的吸收效率来看，植物处理甲醛的能力还不足以在短时间内 显著降低一般居室内的甲醛浓度。[2][3] 举例来说，目前被广泛推崇的吊兰处理甲醛的平均速度是1平方米大的叶片每小时处理0.15毫克的甲醛。[2] 实际上，通常一株的吊兰的叶面积不足0.1平方米。也就说，一棵吊兰1天之内能处理的甲醛总量只有0.36毫克。如果100平米，层高3米的居室内，甲醛 浓度是0.5毫克/立方米的，总共有150毫克甲醛，要降到安全标准（0.1毫克/立方米）[4]就需要至少清除120毫克甲醛。那这棵吊兰要辛辛苦苦工 作333天。当然，这还不算上从装饰材料里新挥发出来的甲醛。
　　纳米矿晶是以海泡石（海泡土）、凹凸棒土、硅藻土（硅藻泥）都是自然界赐给我们的珍稀非金属矿物质，是富孔矿物吸附剂，这些矿物质经过合理的配置，形成纳米矿晶空气净化剂产品。q其中海泡土和凹凸棒的纳米晶格可以吸附空气中的甲醛、苯、氨等有毒有害的纳米级小分子极性物质，而硅藻土除了可以吸附微米级的大分子空气杂质、还为纳米矿晶提供吸附通道，提高纳米矿晶的吸附效果。纳米矿晶空气净化剂有吸附速度快，针对极性分子，可以循环使用的特点。

Traceback (most recent call last):
  File "autoCreate.py", line 101, in <module>
    title,key1,key2,key3=TitleAndKeys(sys.argv[1])
  File "autoCreate.py", line 60, in TitleAndKeys
    count = len(open(path+'second',encoding='utf8').readlines())#获取行数
FileNotFoundError: [Errno 2] No such file or directory: './kangda/chujiaquansecond'
user cookielib in python2.
{u'status': 200, u'msg': u'', u'data': {u'id': 5261736}}
3
**********
　　张家口除甲醛【康达】我们的服务范围是：室内环保知识咨询、室内环境检测、室内（车内）环境治理、空气净化器经销、纳米矿晶吸附材料经销、甲醛自测盒经销、室内环境空气质量评估、室内环境污染有效防治措施制定等等，我们不仅专业于室内环保领域而且专一于室内环保行业。
　　新房子通风一段时间，空气质量就能达到安全标准，即完全依赖短期的通风处理作为基本环保措施，对室内污染有改善作用。 但因为有些有害物质会缓慢释放，比如甲醛长达3－15年，绝非几个月通风换气就能解决问题，在其密集散发期1－3年内，您要冒较大的致病、致癌风险；而且多数居室、写字楼新风换气并不理想，通风作用会大大降低；另外以甲醛为例，它分游离、吸附、结合三种状态存在。只有游离状态的通风处理能消除，且须是正常风速的4倍以上。
　　认为使用环保材料、购买环保家具，就不会出现装修污染，使用环保建材有助于降低室内有害气体，但现实情况我们要两方面来分析，首先：我国的绿色建材国标并不理想，我国E0级板材也只相当于国际标准的F级，而市场上所谓的E1级环保建材，跟国际标准更是相差甚远；在制定环保建材标准时，由于顾及国内多数建材企业的生产水平现状，相关行业监管部门也只是一步步向国际标准靠拢。其次：即使全部应用环保建材，最后得到的空气质量也可能超标。由于大多数环保建材只是有害物质含量和散发的有害气体低于一定标准，并非根本不含有害物质、不散发有害气体，加上装修的设计、居室结构、通风状况等因素，会产生有害气体的“叠加效应”，仍然不能保证居室装修后室内空气质量能够环保达标。
　　甲醛，常见的室内污染物 吃饭，睡觉，玩电脑......很多人每天24小时内至少有三分之一的时间在家里，室内环境对健康的影响占很大比重。 家装中使用的各种材料，如人造板，油漆，化学织物等，是房间内甲醛的主要来源。 甲醛会刺激人的眼睛和呼吸道粘膜，引起流泪、咽喉不适、打喷嚏、咳嗽、呼吸困难等，还可诱发哮喘。 动物实验和流行病学研究表明，甲醛还可引起人类鼻咽癌。 2004年，权威的国际癌症研究机构（IARC）将甲醛列为1类致癌物。 
　　获得CMC许可证，是质量技术监督部门对生产厂家已具有制造此种计量器具资格和能力的一种认可，是国家对计量仪器实行的一种法制性的监督管理，它比一般的行政管理和行业管理更具法制性、权威性和强制性。它是针对计量器具这种特殊产品所采取的一种特殊的法律制约的管理手段。 获得CMC许可证标志授权，其对应仪器的铭牌、说明书、外包装等相应部位会有国家统一规定的“CMC”标志、CMC唯一性编号、仪器型号规格、准确度等相应技术参数，以及生产厂家等信息标识。 未获《制造计量器具许可证》CMC认证，所制造和销售的计量器具（检测仪器），属违法。技术监督部门会严查惩处。 对于购买和使用生产厂家没有取得《制造计量器具许可证》，仪器上未标注“CMC”许可证标志的仪器，其购买和使用亦将不合法，质量技术监督局有权对其进行查处和没收。严重者责令停业。

Traceback (most recent call last):
  File "autoCreate.py", line 101, in <module>
    title,key1,key2,key3=TitleAndKeys(sys.argv[1])
  File "autoCreate.py", line 60, in TitleAndKeys
    count = len(open(path+'second',encoding='utf8').readlines())#获取行数
FileNotFoundError: [Errno 2] No such file or directory: './kangda/chujiaquansecond'
user cookielib in python2.
{u'status': 200, u'msg': u'', u'data': {u'id': 5261737}}
4
**********
　　张家口除甲醛【康达】我们的服务范围是：室内环保知识咨询、室内环境检测、室内（车内）环境治理、空气净化器经销、纳米矿晶吸附材料经销、甲醛自测盒经销、室内环境空气质量评估、室内环境污染有效防治措施制定等等，我们不仅专业于室内环保领域而且专一于室内环保行业。
　　空气净化器的原理并不复杂。世界上第一台空气净化器是1823年诞生于消防事业。当时这种新型烟雾防护装置，可使消防队员在灭火时避免烟雾侵袭。后来，空气过滤器中被加入木炭以过滤空气中有害和有毒气体。二战期间，美国政府投资研制出可过滤有害颗粒的HEPA过滤器。HEPA是像纸一样的、由叠片状硼硅微纤维制成的一种干型过滤器。 经过多年技术研发，空气净化器分为过滤式、吸附式、紫外线技术、负离子技术以及光催化式等。各种技术只针对特定种类的室内污染物有效。
　　如何绕过甲醛家具的大坑呢？ 首先，有条件的话尽量避免使用人造板，或尝试选择甲醛含量较低的人造板，这是避免室内甲醛超标重要的一步。 其次，尽量在预算允许的条件下选择天然实木家具。 如果实在不能使用实木家具，请考虑使用环保材料。例如，减少使用箱床，可以使用塑料，布料，藤条储物箱替代；在壁挂式衣柜或衣帽间，可以使用其他材质储物架。首先，选择甲醛释放值低的板 如果板材的甲醛释放值低到可以忽略释放甲醛，那么它绝对是一个不必担心甲醛的板材。 其次，在单位区域内，板材的使用尽可能减少。 所谓的每单位面积的板材使用量尽可能减少，主要是因为即使板材的甲醛释放值低，也不适合在小房间内放置过多的板式家具，累积起来同样会超标。 第三，尝试使用更少的箱体。 所谓的箱体是指像抽屉或橱柜这样的箱形体，它们的特征是大部分时间都是封闭的。 在封闭的盒子内部，从木材中释放的甲醛不能扩散。虽然从表面看，有较少的甲醛释放到室内，但是当使用抽屉和橱柜时，内部积聚的甲醛会释放到室内，这将不可避免地导致室内甲醛过多。此外，箱内甲醛的积累导致板材中甲醛的释放速度减慢，从而延长了甲醛的释放时间，原来五年的释放时间可能增加到十年以上。
　　冬季室内温度一般都很高，正好是甲醛挥发的最好时机，也正好是室内最不流通的时候，全部堆积在室内各个角落里以及空气中！家里正在装修的一定得提高警惕了，在选择治理方法时，要选择科学的、有据可循的方法，不可偏信“土方”。让室内少一点污染，多一点健康，为家人的健康保驾护航。入住前一定要请专业机构进行甲醛检测，检测和治理达到国家入住标准方可入住。

Traceback (most recent call last):
  File "autoCreate.py", line 101, in <module>
    title,key1,key2,key3=TitleAndKeys(sys.argv[1])
  File "autoCreate.py", line 60, in TitleAndKeys
    count = len(open(path+'second',encoding='utf8').readlines())#获取行数
FileNotFoundError: [Errno 2] No such file or directory: './kangda/chujiaquansecond'
user cookielib in python2.
{u'status': 200, u'msg': u'', u'data': {u'id': 5261738}}
5
**********
　　张家口除甲醛【康达】我们的服务范围是：室内环保知识咨询、室内环境检测、室内（车内）环境治理、空气净化器经销、纳米矿晶吸附材料经销、甲醛自测盒经销、室内环境空气质量评估、室内环境污染有效防治措施制定等等，我们不仅专业于室内环保领域而且专一于室内环保行业。
　　室内甲去除首先要加强通风。甲醛、苯等有害物质藏匿在家具、墙体材料深处，释放期3～15年，无法在短期内清除，一旦遇到使用暖气或空调等不宜开窗的情况，室内有害气体浓度会迅速上升。 1，使用净化机。最核心的部分如活性炭、光触媒、紫外线、HEPA等。 2，植物消除法采用吊兰、芦荟、虎尾兰等花卉吸收室内污染气体，但植物白天进行光合作用吸收二氧化碳，释放氧气，夜间吸收氧气，释放二氧化碳，对人体不利，特别是对花粉、花卉容易过敏者。 3，化学试剂喷洒如甲醛清除剂、空气清新剂等化学药剂。 4，活性炭吸附法活性炭内部空隙结构发达，表面积大，是公认最为有效的空气净化产品。
　　目前市面上绝对环保的产品甲醛同质强化液，顾名思义对任何材料的甲醛污染都有作用，而且可增强材料本身质量的产品，采用原料绝对是天然纯植物提取物，对材料及家具装饰面等绝对无损害，对环境和人类绝对无害。 使用本方法的优点是作用强效、迅速、环保！缺点需专业人士作业，且成本较高！一般污染较重的环境或对环境要求比较高的特殊人群推荐使用本方法。
　　新房子通风一段时间，空气质量就能达到安全标准，即完全依赖短期的通风处理作为基本环保措施，对室内污染有改善作用。 但因为有些有害物质会缓慢释放，比如甲醛长达3－15年，绝非几个月通风换气就能解决问题，在其密集散发期1－3年内，您要冒较大的致病、致癌风险；而且多数居室、写字楼新风换气并不理想，通风作用会大大降低；另外以甲醛为例，它分游离、吸附、结合三种状态存在。只有游离状态的通风处理能消除，且须是正常风速的4倍以上。
　　海泡石、凹凸棒土等天然矿物，具有独特的晶体结构，孔道排列有规则，多孔结构，孔径大小在0.3－0.98纳米之间，孔隙内带极性，所以我们称之为纳米矿晶、纳米硅晶。此类矿土为天然纳米矿物，为稀缺性珍稀矿土资源，应用广泛，专家称之为黄金资源、千土之王。凹土矿是我国珍贵的非金属稀土矿。沧海研制的空气净化剂，采用天然矿物制作，将海泡石、凹凸棒土、沸石、硅藻泥、膨润土、托玛琳等矿物，经过多次提纯、改性、活化、复合配伍、造粒等复杂工艺制作而成。

Traceback (most recent call last):
  File "autoCreate.py", line 101, in <module>
    title,key1,key2,key3=TitleAndKeys(sys.argv[1])
  File "autoCreate.py", line 60, in TitleAndKeys
    count = len(open(path+'second',encoding='utf8').readlines())#获取行数
FileNotFoundError: [Errno 2] No such file or directory: './kangda/chujiaquansecond'
user cookielib in python2.
{u'status': 200, u'msg': u'', u'data': {u'id': 5261739}}
6
**********
　　张家口除甲醛【康达】我们的服务范围是：室内环保知识咨询、室内环境检测、室内（车内）环境治理、空气净化器经销、纳米矿晶吸附材料经销、甲醛自测盒经销、室内环境空气质量评估、室内环境污染有效防治措施制定等等，我们不仅专业于室内环保领域而且专一于室内环保行业。
　　绝大多数品牌的净化器在销售宣传中都会夸大其作用，有些净化器宣称能有效捕捉几十种颗粒。面对种类繁多的市场品牌及复杂的功用，消费者有种雾里看花的感觉。为此，专家提醒消费者在无法甄别产品功用的时候，可以在选择的时候选品牌有保证的产品，或者根据产品的销量来选择。[1]还应注意的是，在室内安放的空气净化器并不保证空气的完全净化，在这方面，它和水净化器的使用有不同。人们很容易就能确保自己只喝水净化器处理过的水，保证饮水的基本安全，但是，放在室内的空气净化器是无法组织空气通过它过滤的，净化器只能对那些流经它的空气进行过滤或处理，使用空气净化器后的室内空气质量会受很多因素影响，如空气净化器的处理风量、房间大小，房间内空气流动状态（门窗开启及其密闭性） 、空气净化器在室内放置的位置、净化器实际使用时间和实际过滤效果等。
　　空气净化器的原理并不复杂。世界上第一台空气净化器是1823年诞生于消防事业。当时这种新型烟雾防护装置，可使消防队员在灭火时避免烟雾侵袭。后来，空气过滤器中被加入木炭以过滤空气中有害和有毒气体。二战期间，美国政府投资研制出可过滤有害颗粒的HEPA过滤器。HEPA是像纸一样的、由叠片状硼硅微纤维制成的一种干型过滤器。 经过多年技术研发，空气净化器分为过滤式、吸附式、紫外线技术、负离子技术以及光催化式等。各种技术只针对特定种类的室内污染物有效。
　　当前长租公寓是很多年轻人的选择。尽管工资未曾达到预期，但是生活的标准也是不能降低的。一人一室一厅，猫狗双全，是很多人的理想。然而一次一次爆发的长租公寓甲醛问题，一份份不具有法律效力的室内空气检测报告，令大家陷入了迷茫。
　　无论使用的什么类型的家具，在入住前一定要做一次专业的室内空气检测，把因呼吸致病的隐患扼杀在摇篮里，而选择的室内空气检测机构，一定是像中大检测这样具有CMA资质的专业检测机构，出具的检测证明具有法律效力，才真正值得相信。 
　　目前我国城市写字楼和家庭室内装修中的甲醛污染，主要是由建筑材料、装修材料和家具产生的，主要来源于各种人造木板、涂料、胶粘剂、处理剂等化学建材类建筑材料产品。并且环境对家具甲醛散发有很大的影响。温度、湿度以及通风都会影响甲醛散发。在通常气候条件下，温度提高8℃，空气中的甲醛浓度将提高一倍;湿度增加12%，甲醛释放量将增加15%左右。

Traceback (most recent call last):
  File "autoCreate.py", line 101, in <module>
    title,key1,key2,key3=TitleAndKeys(sys.argv[1])
  File "autoCreate.py", line 60, in TitleAndKeys
    count = len(open(path+'second',encoding='utf8').readlines())#获取行数
FileNotFoundError: [Errno 2] No such file or directory: './kangda/chujiaquansecond'
user cookielib in python2.
{u'status': 200, u'msg': u'', u'data': {u'id': 5261740}}
7
**********
　　张家口除甲醛【康达】我们的服务范围是：室内环保知识咨询、室内环境检测、室内（车内）环境治理、空气净化器经销、纳米矿晶吸附材料经销、甲醛自测盒经销、室内环境空气质量评估、室内环境污染有效防治措施制定等等，我们不仅专业于室内环保领域而且专一于室内环保行业。
　　《计量法》及相关法规规定，以销售为目的制造检测测量计量器具，国家实行许可证制度。制造企业必须依法通过省级以上人民计量行政部门（即省级以上质量技术监督局），对其所制造的计量器具的技术性能（型式鉴定）、相适应的生产设施、技术人员、计量检定体系、质量保障体系和售后技术服务体系等，进行全面考核合格，取得《制造计量器具许可证》，获得CMC许可证标志授权使用认证，方可正式生产和销售。
　　室内甲去除首先要加强通风。甲醛、苯等有害物质藏匿在家具、墙体材料深处，释放期3～15年，无法在短期内清除，一旦遇到使用暖气或空调等不宜开窗的情况，室内有害气体浓度会迅速上升。 1，使用净化机。最核心的部分如活性炭、光触媒、紫外线、HEPA等。 2，植物消除法采用吊兰、芦荟、虎尾兰等花卉吸收室内污染气体，但植物白天进行光合作用吸收二氧化碳，释放氧气，夜间吸收氧气，释放二氧化碳，对人体不利，特别是对花粉、花卉容易过敏者。 3，化学试剂喷洒如甲醛清除剂、空气清新剂等化学药剂。 4，活性炭吸附法活性炭内部空隙结构发达，表面积大，是公认最为有效的空气净化产品。
　　空气净化器的原理并不复杂。世界上第一台空气净化器是1823年诞生于消防事业。当时这种新型烟雾防护装置，可使消防队员在灭火时避免烟雾侵袭。后来，空气过滤器中被加入木炭以过滤空气中有害和有毒气体。二战期间，美国政府投资研制出可过滤有害颗粒的HEPA过滤器。HEPA是像纸一样的、由叠片状硼硅微纤维制成的一种干型过滤器。 经过多年技术研发，空气净化器分为过滤式、吸附式、紫外线技术、负离子技术以及光催化式等。各种技术只针对特定种类的室内污染物有效。
　　1994年以来卫生部放射卫生监督检测所调查了14个城市的1524座写字楼和居室，发现室内氡浓度超标的占6．8％，氡含量最高的超过标准6倍；室内氡气污染具有长期性、隐蔽性和危害大、不易彻底消除等特点，如果不能及时发现和消除，后患无穷。专家建议，在室内氡气的防治问题上，公众要注意以下常识：第一，在建房或者购房前，可以请有关机构做氡气测试，从源头上控制预防；第二，尽可能封闭地面、墙体的缝隙，降低氡气的析出量；第三，经常保持室内通风；第四，在室内装修时，尽量减少石材、瓷砖等容易产生辐射和氡气的材料，选用时应当向商家索取放射性检测合格证明；第五，已经入住的房屋，如果认为有氡气超标的可能，可以委托专业部门进行检测，针对检测结果请专家提出合理的处理方案。

Traceback (most recent call last):
  File "autoCreate.py", line 101, in <module>
    title,key1,key2,key3=TitleAndKeys(sys.argv[1])
  File "autoCreate.py", line 60, in TitleAndKeys
    count = len(open(path+'second',encoding='utf8').readlines())#获取行数
FileNotFoundError: [Errno 2] No such file or directory: './kangda/chujiaquansecond'
user cookielib in python2.
{u'status': 200, u'msg': u'', u'data': {u'id': 5261741}}
8
**********
　　张家口除甲醛【康达】我们的服务范围是：室内环保知识咨询、室内环境检测、室内（车内）环境治理、空气净化器经销、纳米矿晶吸附材料经销、甲醛自测盒经销、室内环境空气质量评估、室内环境污染有效防治措施制定等等，我们不仅专业于室内环保领域而且专一于室内环保行业。
　　无论使用的什么类型的家具，在入住前一定要做一次专业的室内空气检测，把因呼吸致病的隐患扼杀在摇篮里，而选择的室内空气检测机构，一定是像中大检测这样具有CMA资质的专业检测机构，出具的检测证明具有法律效力，才真正值得相信。 
　　冬季室内温度一般都很高，正好是甲醛挥发的最好时机，也正好是室内最不流通的时候，全部堆积在室内各个角落里以及空气中！家里正在装修的一定得提高警惕了，在选择治理方法时，要选择科学的、有据可循的方法，不可偏信“土方”。让室内少一点污染，多一点健康，为家人的健康保驾护航。入住前一定要请专业机构进行甲醛检测，检测和治理达到国家入住标准方可入住。
　　研究人员通过模拟含有甲醛的居室，测定了一些常见的室内盆栽观赏植物对甲醛的处理能力。从实验得到的吸收效率来看，植物处理甲醛的能力还不足以在短时间内 显著降低一般居室内的甲醛浓度。[2][3] 举例来说，目前被广泛推崇的吊兰处理甲醛的平均速度是1平方米大的叶片每小时处理0.15毫克的甲醛。[2] 实际上，通常一株的吊兰的叶面积不足0.1平方米。也就说，一棵吊兰1天之内能处理的甲醛总量只有0.36毫克。如果100平米，层高3米的居室内，甲醛 浓度是0.5毫克/立方米的，总共有150毫克甲醛，要降到安全标准（0.1毫克/立方米）[4]就需要至少清除120毫克甲醛。那这棵吊兰要辛辛苦苦工 作333天。当然，这还不算上从装饰材料里新挥发出来的甲醛。
　　目前我国城市写字楼和家庭室内装修中的甲醛污染，主要是由建筑材料、装修材料和家具产生的，主要来源于各种人造木板、涂料、胶粘剂、处理剂等化学建材类建筑材料产品。并且环境对家具甲醛散发有很大的影响。温度、湿度以及通风都会影响甲醛散发。在通常气候条件下，温度提高8℃，空气中的甲醛浓度将提高一倍;湿度增加12%，甲醛释放量将增加15%左右。
　　目前市面上绝对环保的产品甲醛同质强化液，顾名思义对任何材料的甲醛污染都有作用，而且可增强材料本身质量的产品，采用原料绝对是天然纯植物提取物，对材料及家具装饰面等绝对无损害，对环境和人类绝对无害。 使用本方法的优点是作用强效、迅速、环保！缺点需专业人士作业，且成本较高！一般污染较重的环境或对环境要求比较高的特殊人群推荐使用本方法。

Traceback (most recent call last):
  File "autoCreate.py", line 101, in <module>
    title,key1,key2,key3=TitleAndKeys(sys.argv[1])
  File "autoCreate.py", line 60, in TitleAndKeys
    count = len(open(path+'second',encoding='utf8').readlines())#获取行数
FileNotFoundError: [Errno 2] No such file or directory: './kangda/chujiaquansecond'
user cookielib in python2.
{u'status': 200, u'msg': u'', u'data': {u'id': 5261742}}
9
**********
　　张家口除甲醛【康达】我们的服务范围是：室内环保知识咨询、室内环境检测、室内（车内）环境治理、空气净化器经销、纳米矿晶吸附材料经销、甲醛自测盒经销、室内环境空气质量评估、室内环境污染有效防治措施制定等等，我们不仅专业于室内环保领域而且专一于室内环保行业。
　　国内以PM2.5为营销概念的空气净化器，基本采取的是过滤式技术，均配置有：过滤网、风机，外配机器外壳。工作原理比较简单：机器内的微风扇搅动室内空气，在风机的作用下，将空气中的颗粒物吸附在过滤网上，使空气中的颗粒物递减，达到清洁室内空气的目的。而产品价格的差异，取决于过滤网配有几层，以及材质的优劣。初效过滤层可过滤毛发、针织物等大杂物；针对细微颗粒物的吸附，最关键的部件是——HEPA过滤层，它就像更细密的针织网，也是整台机器最贵的核心部件，成本从几百元至数千元不等，最终决定了产品的价格高低。HEPA过滤层的面积越大、密度越细，吸附颗粒物的效果越好。
　　空气净化器的原理并不复杂。世界上第一台空气净化器是1823年诞生于消防事业。当时这种新型烟雾防护装置，可使消防队员在灭火时避免烟雾侵袭。后来，空气过滤器中被加入木炭以过滤空气中有害和有毒气体。二战期间，美国政府投资研制出可过滤有害颗粒的HEPA过滤器。HEPA是像纸一样的、由叠片状硼硅微纤维制成的一种干型过滤器。 经过多年技术研发，空气净化器分为过滤式、吸附式、紫外线技术、负离子技术以及光催化式等。各种技术只针对特定种类的室内污染物有效。
　　冬季室内温度一般都很高，正好是甲醛挥发的最好时机，也正好是室内最不流通的时候，全部堆积在室内各个角落里以及空气中！家里正在装修的一定得提高警惕了，在选择治理方法时，要选择科学的、有据可循的方法，不可偏信“土方”。让室内少一点污染，多一点健康，为家人的健康保驾护航。入住前一定要请专业机构进行甲醛检测，检测和治理达到国家入住标准方可入住。
　　当前长租公寓是很多年轻人的选择。尽管工资未曾达到预期，但是生活的标准也是不能降低的。一人一室一厅，猫狗双全，是很多人的理想。然而一次一次爆发的长租公寓甲醛问题，一份份不具有法律效力的室内空气检测报告，令大家陷入了迷茫。
　　一些观赏植物确实可以吸收某些有害气体，如可吸收甲醛的植物有仙人掌、吊兰、芦荟等；而常春藤、铁树、菊花这三种都有吸苯的本领，可以减少苯的污染。但关键是他们所起的作用相当有限，面对装修结束的有害气体密集散发期，他们的微弱吸收作用，不但不能清除污染来救主，有害污染物超标厉害的话，甚至这些植物自身的健康都难保。某消费者曾反映：“我家老房子的花，刚搬进新房子里没几天叶子就黄了。”专家介绍说，这很可能就是室内污染造成的。

Traceback (most recent call last):
  File "autoCreate.py", line 101, in <module>
    title,key1,key2,key3=TitleAndKeys(sys.argv[1])
  File "autoCreate.py", line 60, in TitleAndKeys
    count = len(open(path+'second',encoding='utf8').readlines())#获取行数
FileNotFoundError: [Errno 2] No such file or directory: './kangda/chujiaquansecond'
user cookielib in python2.
{u'status': 200, u'msg': u'', u'data': {u'id': 5261743}}
10
**********
　　【张家口爱尚家装饰工程有限公司】是一家主要从事室内装修，酒店KTV，公寓写字楼设计与施工。为您提供一站式高质家装服务，集设计、装修、施工、主材于一体。不需要您采购任何家装材料，全程为您提供高品质的家装产品和服务，给您带来“坐享其成”的家装新体验。
　　【爱尚家】砖每平米数的价格是一样，但是工人的收入不一样，比如卫生间就有明卫和暗卫之分，暗卫基本是大面积贴砖，明卫有窗户，大面积贴砖速度非常快，一旦碰到柱子或者窗口要瓷砖碰角，速度一下子就慢下来。让好的工人做明卫碰角多的活还比较合算，因为他碰角比较好，如果赶到暗卫用好工人就不划算了，都是贴平面，可能一般的工人也可以贴的相当好，工钱也低。小D的工人不会是技术顶级的工人（如果是技术顶级的工人反而不稳定，找他做活的人会很多，一般也挑活），估计水平就是中上，这些工人贴砖达到横平竖直应该没有问题，但碰到碰角就显示了瓦工的水平，很可能有的瓦工跟不上——所以有很多小施工队喜欢用装饰线。
　　【爱尚家】选择居室颜色时，多数人认为使用白色比较安全。全用白色，又怕家里像医院，这时，不如加些蓝色，就像地中海上的小岛：天空是淡蓝的，海水是深蓝的，把白色的清凉与无瑕表现出来，这样的白，令人感到十分的自由，好像是属于大自然的一部分，让居家空间似乎像海天一色的大自然一样开阔自在。向往碧海蓝天的人士，白与蓝是居家生活最佳的搭配选择。
　　【爱尚家】无论是家装行业内的人士还是消费者，似乎对合同都没有上升到法律角度的那种意识。但是，家装合同本身就是一份法律文书，如果不认真对待就有可能出现不必要的麻烦。以材料验收为例：在家装合同的有关章节中，建议，材料验收应该明确验收人。但是，在实际操作中，合同的甲乙双方往往对合同中规定好的材料验收人没有认真对待。也许验收时规定的验收人不到场（验收人员又没有合同约定的验收人授权），也许验收人到场但没有负起验收的责任。严格意义上讲，这样做都存在法律上的漏洞。
　　【爱尚家】美式家具对风格要求严格。涂装工艺复杂，体量大是美式家具的又一特点。而这一特点也就要求消费者在选择美式家具时，在充分了解美式家具自身特点和风格的基础上，更要对家居的饰品、家居整体环境以及家居色彩搭配等方面有一定的了解。一般来说，普通消费者都是先装修，后买家具，而对于美式家具来说，应该先定家具，然后根据家具的特点来选择装修方案。这样才能使家具和居室的整体环境和谐统一。
蔚县
蔚县装饰最靠谱 蔚县装饰最靠谱 蔚县装饰 蔚县装饰号码
user cookielib in python2.
{u'status': 200, u'msg': u'', u'data': {u'id': 5261744}}
1
**********
　　【张家口爱尚家装饰工程有限公司】是一家主要从事室内装修，酒店KTV，公寓写字楼设计与施工。为您提供一站式高质家装服务，集设计、装修、施工、主材于一体。不需要您采购任何家装材料，全程为您提供高品质的家装产品和服务，给您带来“坐享其成”的家装新体验。
　　【爱尚家】俗话说”金厨银卫“，厨房通常是装修中最花钱的区域，也是细节考虑最多的地方。不少人在厨房装修前考虑不周，造成入住使用时的诸多不便。金旗舰旗哥了解到许多“装修过来人”，在厨房装修这件事上踩过的一些“坑”厨房就是这样一个地方，东西总会越来越多。所以，在装修前，一定要考虑到家里几口人，以及充足的收纳空间，吊柜、升降拉篮、挂杆收纳等都可以提前规划好，以免厨房用了几年之后，发现当初收纳空间预留小了。
　　【爱尚家】俗话说“无规矩不成方圆”，家装也有不可碰触的规矩和禁区，否则会造成家装材料浪费，家装效果不佳，而且更严重的会出现家装质量问题，留下安全隐患。安全第一，在时值家装旺季之际，编者总结了家装不可“闯入”的七大禁区，帮助大家正确理智地进行家庭装修，面对房屋原有的一些结构和设施的改造要慎之又重。增加地面负重、乱改管线等做法，也是不可取的，虽然能给家庭带来美观和更多方便，但同时也埋下了安全隐患。
　　【爱尚家】瓦工的水平在保证没有空鼓的前提下，一是要求贴砖横平竖直，再有就是看碰角，对于横平竖直，只要有耐心慢慢的敲砖，基本可以做到，即便那块砖不合适，可拿下来再重新贴。但是倒角就不是仅仅耐心的问题，因为切割机速度很快，切瓷片时很难控制，需要一定的技术水平，这些我写过特别详细的文章，大家看一下连接， 好的工人倒角非常直，不会崩瓷，切角有一点崩瓷我都不让用，一般低档的工人崩瓷也给你贴上，再用白水泥找补上，当时看不出来，时间一长崩瓷的地方就会显出来。
　　【爱尚家】厨房有时候简直就像战场，从洗菜到刷锅，全仰仗那个水槽，但如果提前规划不清楚，选择了小水槽，结果每次洗刷都施展不开，这种憋屈的感觉，没下过厨的人不会懂！所以在这里强烈建议，水槽一定要好好选！大水槽当然相对好用些，锅碗瓢盆，啥都能放进去，简直不要太方便。现在最常见的是双盆，功能分区更方便。布艺沙发款式多样，各式各样的产品可供选择，也能搭配不同风格的家居设计，而且它可以拆卸清洗，很是简约方便。尤其是小户型的简约家居，最合适这种布艺沙发，视觉效果也是新潮时尚。布艺沙发的缺点就是易变形，不够耐用，而且布质表面是很容易脏污的，需要经常清洗，实在是麻烦。
蔚县
蔚县装修便宜 蔚县装修便宜 蔚县装修 蔚县装修推荐
user cookielib in python2.
{u'status': 200, u'msg': u'', u'data': {u'id': 5261745}}
2
**********
　　【张家口爱尚家装饰工程有限公司】是一家主要从事室内装修，酒店KTV，公寓写字楼设计与施工。为您提供一站式高质家装服务，集设计、装修、施工、主材于一体。不需要您采购任何家装材料，全程为您提供高品质的家装产品和服务，给您带来“坐享其成”的家装新体验。
　　【爱尚家】选用装修材料时，也要了解材料的色彩特性，有的材料随着时间的变化会褪色或变色，这些都应予以注意。同时色彩与照明的关系也很密切，因为光源与照明方式都会带来色彩大的变化，大面积的光棚照明，就像阳光下的花架，光源自然均匀，对室内环境的色彩影响不大。日光灯色彩偏冷，筒灯、吊灯则色彩偏暖，它们的采用都要考虑与室内整体气氛的协调。
　　【爱尚家】窗户使用断桥+双层中空，与普通窗户相比，是会比较贵，但确是值得多花钱的地方。家里的噪音是一件特别让人心烦的事情，很多时候在入住之前也完全没有意识到这个问题，断桥双层的隔音、隔热、保温性能都非常好。大马路上的汽车噪音、楼下跳舞的大爷大妈，吵闹的熊孩子，在这些影响到你之前，装修的时候就得做好准备。淋浴隔断不用买太贵，中档品牌就可以了， 吊轨的就更好，选用吊轨，厚度建议1.5以上。自己再另外加一层防爆膜，某宝买就行，按照规范，淋浴隔断这类制品是允许有自爆的几率的，这种情况是目前市面上无法避免的，在淋浴房的玻璃上面贴一层防爆膜，这样就不会带来大的安全隐患。现在也有像尚高这类品牌是自带防爆膜出售的，可以选购。
　　【爱尚家】皮质沙发是一种比较高端大气的家具设施，客厅中摆放皮质沙发，可以彰显家居的时尚大气，同时它还有一个很好的优点，就是耐脏易打理，使用寿命长，坐在皮质沙发上，非常的舒适自在。皮质沙发的缺点是购买费用会比较高，会给业主带来经济上的压力。而且皮质沙发的保养还是需要一定技巧的，需要保持室内通风，不能让环境过于干燥或者潮湿，否则容易导致皮革老化。
　　【爱尚家】先选好门是一种有效控制装修成本的做法，有时候选的门过大或者过小又要另外花费一笔钱进行位置调整，如果临时需要定制赶工所需费用更高。省心省力省时间看到合适的门不妨先定下来，一则可以让设计有目标，二则可以预留门的制作和运输的消耗时间，当我们在装修前先把门定了，装修结束了，门也正好可以送到。新房装修好之后，我们都会在入住前选购各种各样的家具和电器，有了这些家具和电器，才能给我们的家居生活带来方便和舒适。而新房家具中，沙发算是一个大件物品了，将沙发摆放在客厅里面，为客厅增色不少，也成了家居的中心所在，所以沙发的选购一定不能马虎。
蔚县
蔚县装修咨询  蔚县装修咨询  蔚县装修 蔚县装修在线
user cookielib in python2.
{u'status': 200, u'msg': u'', u'data': {u'id': 5261746}}
3
**********
　　【张家口爱尚家装饰工程有限公司】是一家主要从事室内装修，酒店KTV，公寓写字楼设计与施工。为您提供一站式高质家装服务，集设计、装修、施工、主材于一体。不需要您采购任何家装材料，全程为您提供高品质的家装产品和服务，给您带来“坐享其成”的家装新体验。
　　【爱尚家】砖每平米数的价格是一样，但是工人的收入不一样，比如卫生间就有明卫和暗卫之分，暗卫基本是大面积贴砖，明卫有窗户，大面积贴砖速度非常快，一旦碰到柱子或者窗口要瓷砖碰角，速度一下子就慢下来。让好的工人做明卫碰角多的活还比较合算，因为他碰角比较好，如果赶到暗卫用好工人就不划算了，都是贴平面，可能一般的工人也可以贴的相当好，工钱也低。小D的工人不会是技术顶级的工人（如果是技术顶级的工人反而不稳定，找他做活的人会很多，一般也挑活），估计水平就是中上，这些工人贴砖达到横平竖直应该没有问题，但碰到碰角就显示了瓦工的水平，很可能有的瓦工跟不上——所以有很多小施工队喜欢用装饰线。
　　【爱尚家】家装监理，即家庭装修监理，是从工程建设监理中细化出来的，顾名思义，就是对家庭装修的监督管理，一般是指专业化的家庭装修监理单位接受业主（装修户）的委托和授权，根据国家有关家庭装修的文件、法律、法规，按照家庭装修监理合同以及其他家庭装修合同，协助业主对家庭装修工程进行监督管理。监理公司接受业主委托，在家装工程中替客户监督施工队的施工质量、用料、服务、保修等，防止家装公司和施工队的违规行为。
　　【爱尚家】木器漆在整个家具制作费用中，所占比例较大。以作衣柜为例说明：普通的一块大芯板内外贴饰面板的柜板，材料成本60元/平方（展开面积），木工的人工费成本约25元/平方，合计85元/平方。这一平方的衣柜板，木器漆的成本到底是多少呢？以市面上多乐士或华润木器漆为例，按常规施工，至少需要3遍底漆，2遍面漆，.人工成本为25元/平方，材料成本为23元/平方，合计：48元/平方，衣柜板正反两面都要刷，这样成本就变成了48*2=96元/平方了。油漆的成本已经超过了衣柜板的成本。
　　【爱尚家】这是卧室中不可缺少的组成部分，一般以贮存家具(即衣柜)为代表，在一些面积较为宽裕的卧房中，可考虑设置贮存室。将所有衣物有序纳入这一空间，这一形式在欧美较为盛行，也是今后的发展方向。也许有些家居有专门的书房，但很多卧室也都兼有阅读、书写或看电视的要求。所以，配以书写桌、小书柜、座椅或是休闲双人沙发以及电视柜等。但卧室的书柜一般只放置一些常用书籍，不宜放置用来藏书的大书柜。通过查看众多的装修风格，图片等方法，选择到让自己感觉很喜欢很钟意的装修风格，这时不要过多地考虑房屋类型、面积、经济等种种情况，这一步就是找一种感觉，找到你喜欢并想要的装修风格后再来考虑下一步。
蔚县
蔚县装修在线 蔚县装修在线 蔚县装修 蔚县装修电话
user cookielib in python2.
{u'status': 200, u'msg': u'', u'data': {u'id': 5261747}}
4
**********
　　【张家口爱尚家装饰工程有限公司】是一家主要从事室内装修，酒店KTV，公寓写字楼设计与施工。为您提供一站式高质家装服务，集设计、装修、施工、主材于一体。不需要您采购任何家装材料，全程为您提供高品质的家装产品和服务，给您带来“坐享其成”的家装新体验。
　　【爱尚家】砖每平米数的价格是一样，但是工人的收入不一样，比如卫生间就有明卫和暗卫之分，暗卫基本是大面积贴砖，明卫有窗户，大面积贴砖速度非常快，一旦碰到柱子或者窗口要瓷砖碰角，速度一下子就慢下来。让好的工人做明卫碰角多的活还比较合算，因为他碰角比较好，如果赶到暗卫用好工人就不划算了，都是贴平面，可能一般的工人也可以贴的相当好，工钱也低。小D的工人不会是技术顶级的工人（如果是技术顶级的工人反而不稳定，找他做活的人会很多，一般也挑活），估计水平就是中上，这些工人贴砖达到横平竖直应该没有问题，但碰到碰角就显示了瓦工的水平，很可能有的瓦工跟不上——所以有很多小施工队喜欢用装饰线。
　　【爱尚家】选择居室颜色时，多数人认为使用白色比较安全。全用白色，又怕家里像医院，这时，不如加些蓝色，就像地中海上的小岛：天空是淡蓝的，海水是深蓝的，把白色的清凉与无瑕表现出来，这样的白，令人感到十分的自由，好像是属于大自然的一部分，让居家空间似乎像海天一色的大自然一样开阔自在。向往碧海蓝天的人士，白与蓝是居家生活最佳的搭配选择。
　　【爱尚家】无论是家装行业内的人士还是消费者，似乎对合同都没有上升到法律角度的那种意识。但是，家装合同本身就是一份法律文书，如果不认真对待就有可能出现不必要的麻烦。以材料验收为例：在家装合同的有关章节中，建议，材料验收应该明确验收人。但是，在实际操作中，合同的甲乙双方往往对合同中规定好的材料验收人没有认真对待。也许验收时规定的验收人不到场（验收人员又没有合同约定的验收人授权），也许验收人到场但没有负起验收的责任。严格意义上讲，这样做都存在法律上的漏洞。
　　【爱尚家】选用装修材料时，也要了解材料的色彩特性，有的材料随着时间的变化会褪色或变色，这些都应予以注意。同时色彩与照明的关系也很密切，因为光源与照明方式都会带来色彩大的变化，大面积的光棚照明，就像阳光下的花架，光源自然均匀，对室内环境的色彩影响不大。日光灯色彩偏冷，筒灯、吊灯则色彩偏暖，它们的采用都要考虑与室内整体气氛的协调。
　　【爱尚家】选择施工队应该根据自己的需求来选择，比如某网站上有几个档次的施工队，我看装修招标报价单时，看到乾图的施工报价比较高，我觉得上网查装修的网友一般收入都不太高，我问过网站的工作人员：有人用这样档次施工队吗？他说也有这样档次需求的业主，而且有一个点乾图业主还装的是个一居室，那个女业主可能是一个收入比较高的人士，而且对设计风格及施工质量要求比较高，乾图设计实力比较强，施工工艺也比较有保障，所以 它也有适于自己的业主群。
蔚州
蔚州全屋定制推荐 蔚州全屋定制推荐 蔚州全屋定制 蔚州全屋定制哪家好
user cookielib in python2.
{u'status': 200, u'msg': u'', u'data': {u'id': 5261748}}
5
**********
　　【张家口爱尚家装饰工程有限公司】是一家主要从事室内装修，酒店KTV，公寓写字楼设计与施工。为您提供一站式高质家装服务，集设计、装修、施工、主材于一体。不需要您采购任何家装材料，全程为您提供高品质的家装产品和服务，给您带来“坐享其成”的家装新体验。
　　【爱尚家】全屋的五金配件值得花钱配置好的，建议选择大品牌的产品，外面定制柜子，标配的五金一般都是国产小牌，还是蛮有必要升级的。像柜门铰链、地漏、角阀、水龙头，每天都要使用的，好的地漏可以防虫、防臭、防返水、防反味，而且地漏本身单价不贵，想必你也不想再经历在客厅闻到卫生间飘来的下水道味道的感觉。每天开开关关的五金就更不用说了，便宜的没用多久就开始拧不紧，漏水，柜门没多久就歪了，关不上了，十分糟心。
　　【爱尚家】有的家庭里喜欢采购太多的软装配饰把房间里摆得满满的，高级电器、高大的家具、各式各样精美的装饰大物件等等，很多都是完全用不上的。其实，房间里不应该密集地摆放太多家具和装饰物件，客厅是家中活动区，家具太多了让人没有回旋的余地容易撞伤人，而且摆放一定要安全稳定，吊柜、大型装饰画框要固定牢靠，否则很容易倾倒砸伤人。安装吊柜时最好是使用承重70公斤以上的隐藏式砝码。
　　【爱尚家】近年来装修猫腻以各种方式呈现，随意增项，偷工减料，虚高建材价格，以次充好等等恶劣的现象，而且这样的事在装修业内也是屡见不鲜，受害者是广大装友们。虽然近年来政府已经出台各种相应的规范家装行业的规范，明确规定增项不得超过装修预算的8%。但是，家装市场仍曝出种种猫腻，可见，政策的制约作用还未真正发挥功效。那么，装友们怎样避免这种装修恶象发生在自己身上呢？作为装友们，无论是装修前考察过程，还是在施工过程都要明察秋豪。
　　【爱尚家】选择施工队应该根据自己的需求来选择，比如某网站上有几个档次的施工队，我看装修招标报价单时，看到乾图的施工报价比较高，我觉得上网查装修的网友一般收入都不太高，我问过网站的工作人员：有人用这样档次施工队吗？他说也有这样档次需求的业主，而且有一个点乾图业主还装的是个一居室，那个女业主可能是一个收入比较高的人士，而且对设计风格及施工质量要求比较高，乾图设计实力比较强，施工工艺也比较有保障，所以 它也有适于自己的业主群。
　　【爱尚家】无论是家装行业内的人士还是消费者，似乎对合同都没有上升到法律角度的那种意识。但是，家装合同本身就是一份法律文书，如果不认真对待就有可能出现不必要的麻烦。以材料验收为例：在家装合同的有关章节中，建议，材料验收应该明确验收人。但是，在实际操作中，合同的甲乙双方往往对合同中规定好的材料验收人没有认真对待。也许验收时规定的验收人不到场（验收人员又没有合同约定的验收人授权），也许验收人到场但没有负起验收的责任。严格意义上讲，这样做都存在法律上的漏洞。
蔚州
蔚州装修联系方式 蔚州装修联系方式 蔚州装修 蔚州装修电话
user cookielib in python2.
{u'status': 200, u'msg': u'', u'data': {u'id': 5261749}}
6
**********
　　【张家口爱尚家装饰工程有限公司】是一家主要从事室内装修，酒店KTV，公寓写字楼设计与施工。为您提供一站式高质家装服务，集设计、装修、施工、主材于一体。不需要您采购任何家装材料，全程为您提供高品质的家装产品和服务，给您带来“坐享其成”的家装新体验。
　　【爱尚家】瓦工的水平在保证没有空鼓的前提下，一是要求贴砖横平竖直，再有就是看碰角，对于横平竖直，只要有耐心慢慢的敲砖，基本可以做到，即便那块砖不合适，可拿下来再重新贴。但是倒角就不是仅仅耐心的问题，因为切割机速度很快，切瓷片时很难控制，需要一定的技术水平，这些我写过特别详细的文章，大家看一下连接， 好的工人倒角非常直，不会崩瓷，切角有一点崩瓷我都不让用，一般低档的工人崩瓷也给你贴上，再用白水泥找补上，当时看不出来，时间一长崩瓷的地方就会显出来。
　　【爱尚家】房门一定要买隔音的，不然再贵都是浪费钱。最先关注的必须是隔音，其次才是功能、造型。家人之间再亲密，也需要安静的独立空间。中等品牌就行，预算低，就买纯平面无雕花的实木复合门，一千出头就可以买到品牌的隔音门。隔音才是门最大的价值。国家要求室内门的隔音效果在22-25分贝之间，超过这个数值，就是很好的隔音效果了。水路改造涉及到上水和下水，有些需要挪动位置的，包括水表位置，出水口位置、下水管位置等等，都最好在准备改造前咨询一下物业有什么是能动的，有什么是不能动的，目前来说，大家买的都不是别墅，这也就意味着你家的房子并不是你完全能够说了算的，物业公司需要审查你的改动，以决定是否会对你的邻居造成影响。
　　【爱尚家】皮质沙发是一种比较高端大气的家具设施，客厅中摆放皮质沙发，可以彰显家居的时尚大气，同时它还有一个很好的优点，就是耐脏易打理，使用寿命长，坐在皮质沙发上，非常的舒适自在。皮质沙发的缺点是购买费用会比较高，会给业主带来经济上的压力。而且皮质沙发的保养还是需要一定技巧的，需要保持室内通风，不能让环境过于干燥或者潮湿，否则容易导致皮革老化。
　　【爱尚家】俗话说“无规矩不成方圆”，家装也有不可碰触的规矩和禁区，否则会造成家装材料浪费，家装效果不佳，而且更严重的会出现家装质量问题，留下安全隐患。安全第一，在时值家装旺季之际，编者总结了家装不可“闯入”的七大禁区，帮助大家正确理智地进行家庭装修，面对房屋原有的一些结构和设施的改造要慎之又重。增加地面负重、乱改管线等做法，也是不可取的，虽然能给家庭带来美观和更多方便，但同时也埋下了安全隐患。
蔚县
蔚县家装电话 蔚县家装电话 蔚县家装 蔚县家装便宜
user cookielib in python2.
{u'status': 200, u'msg': u'', u'data': {u'id': 5261751}}
7
**********
　　【张家口爱尚家装饰工程有限公司】是一家主要从事室内装修，酒店KTV，公寓写字楼设计与施工。为您提供一站式高质家装服务，集设计、装修、施工、主材于一体。不需要您采购任何家装材料，全程为您提供高品质的家装产品和服务，给您带来“坐享其成”的家装新体验。
　　【爱尚家】选用装修材料时，也要了解材料的色彩特性，有的材料随着时间的变化会褪色或变色，这些都应予以注意。同时色彩与照明的关系也很密切，因为光源与照明方式都会带来色彩大的变化，大面积的光棚照明，就像阳光下的花架，光源自然均匀，对室内环境的色彩影响不大。日光灯色彩偏冷，筒灯、吊灯则色彩偏暖，它们的采用都要考虑与室内整体气氛的协调。
　　【爱尚家】砖每平米数的价格是一样，但是工人的收入不一样，比如卫生间就有明卫和暗卫之分，暗卫基本是大面积贴砖，明卫有窗户，大面积贴砖速度非常快，一旦碰到柱子或者窗口要瓷砖碰角，速度一下子就慢下来。让好的工人做明卫碰角多的活还比较合算，因为他碰角比较好，如果赶到暗卫用好工人就不划算了，都是贴平面，可能一般的工人也可以贴的相当好，工钱也低。小D的工人不会是技术顶级的工人（如果是技术顶级的工人反而不稳定，找他做活的人会很多，一般也挑活），估计水平就是中上，这些工人贴砖达到横平竖直应该没有问题，但碰到碰角就显示了瓦工的水平，很可能有的瓦工跟不上——所以有很多小施工队喜欢用装饰线。
　　【爱尚家】全屋的五金配件值得花钱配置好的，建议选择大品牌的产品，外面定制柜子，标配的五金一般都是国产小牌，还是蛮有必要升级的。像柜门铰链、地漏、角阀、水龙头，每天都要使用的，好的地漏可以防虫、防臭、防返水、防反味，而且地漏本身单价不贵，想必你也不想再经历在客厅闻到卫生间飘来的下水道味道的感觉。每天开开关关的五金就更不用说了，便宜的没用多久就开始拧不紧，漏水，柜门没多久就歪了，关不上了，十分糟心。
　　【爱尚家】近年来装修猫腻以各种方式呈现，随意增项，偷工减料，虚高建材价格，以次充好等等恶劣的现象，而且这样的事在装修业内也是屡见不鲜，受害者是广大装友们。虽然近年来政府已经出台各种相应的规范家装行业的规范，明确规定增项不得超过装修预算的8%。但是，家装市场仍曝出种种猫腻，可见，政策的制约作用还未真正发挥功效。那么，装友们怎样避免这种装修恶象发生在自己身上呢？作为装友们，无论是装修前考察过程，还是在施工过程都要明察秋豪。
　　【爱尚家】选择施工队应该根据自己的需求来选择，比如某网站上有几个档次的施工队，我看装修招标报价单时，看到乾图的施工报价比较高，我觉得上网查装修的网友一般收入都不太高，我问过网站的工作人员：有人用这样档次施工队吗？他说也有这样档次需求的业主，而且有一个点乾图业主还装的是个一居室，那个女业主可能是一个收入比较高的人士，而且对设计风格及施工质量要求比较高，乾图设计实力比较强，施工工艺也比较有保障，所以 它也有适于自己的业主群。
蔚州
蔚州装饰装修便宜 蔚州装饰装修便宜 蔚州装饰装修 蔚州装饰装修便宜
user cookielib in python2.
{u'status': 200, u'msg': u'', u'data': {u'id': 5261752}}
8
**********
　　【张家口爱尚家装饰工程有限公司】是一家主要从事室内装修，酒店KTV，公寓写字楼设计与施工。为您提供一站式高质家装服务，集设计、装修、施工、主材于一体。不需要您采购任何家装材料，全程为您提供高品质的家装产品和服务，给您带来“坐享其成”的家装新体验。
　　【爱尚家】皮质沙发是一种比较高端大气的家具设施，客厅中摆放皮质沙发，可以彰显家居的时尚大气，同时它还有一个很好的优点，就是耐脏易打理，使用寿命长，坐在皮质沙发上，非常的舒适自在。皮质沙发的缺点是购买费用会比较高，会给业主带来经济上的压力。而且皮质沙发的保养还是需要一定技巧的，需要保持室内通风，不能让环境过于干燥或者潮湿，否则容易导致皮革老化。
　　【爱尚家】有的家庭里喜欢采购太多的软装配饰把房间里摆得满满的，高级电器、高大的家具、各式各样精美的装饰大物件等等，很多都是完全用不上的。其实，房间里不应该密集地摆放太多家具和装饰物件，客厅是家中活动区，家具太多了让人没有回旋的余地容易撞伤人，而且摆放一定要安全稳定，吊柜、大型装饰画框要固定牢靠，否则很容易倾倒砸伤人。安装吊柜时最好是使用承重70公斤以上的隐藏式砝码。
　　【爱尚家】现在的房子地面不可能是完全平整的，铺设地砖时，水泥沙子层有4CM的，也有5CM的，最厚的地方十几厘米都有，装修公司等到铺得差不多以后，挑一块最厚的地方给业主看，业主就亏大了，总不能为了证明装修公司没用这么多水泥沙子，而把地砖全刨掉了看一下吧？只能吃哑巴亏了。还有，即使整个地面的平均水泥沙子层平均厚度有10CM，增加的费用主要是底层沙子用量增大，水泥用量增加不了多少，沙子是不值钱的，100平方的房子，材料用量增加500元左右而已。
　　【爱尚家】装修不易，尤其是像橱柜这样的大件物品是非常吃预算的，好的橱柜用几十年没问题，甚至一些进口橱柜都可以用来传家。对橱柜选择知识了解不够，导致橱柜选择或者安装时考虑不够周全，其实橱柜的五金、门板材质、台面材质，甚至收纳空间，规划成L型还是U型等，都是有很多学问在里面的。地板胶的铺贴方法虽然很简单，但在施工安装时还是要仔细，不能马虎。首先是吧地面清洗干净，然后找平地面之后，再用干毛巾把灰尘擦拭干净。接下来是精准测量房间尺寸，再然根据房间测量出的尺寸大小，来剪裁地板胶，我们剪裁下来的地板胶大小可以比测量数据大一些。
　　【爱尚家】瓷砖这类属于耐用品，没有必要选很贵的，一线品牌更多的是品牌溢价，中档品牌也可以选择，平整度没问题就可以。规格买常规的，能省不少人工费，铺贴小砖，人工贵，也会费一笔美缝费用。货比三家之前可以了解一下这家公司擅长的产品，提起卫浴，你可能会想起科勒、摩恩、九牧、箭牌，但你不知道九牧其实是做五金起家的，箭牌做陶瓷起家，了解这些，你才可能买到那个品牌最好的产品。
蔚州
蔚州装饰咨询  蔚州装饰咨询  蔚州装饰 蔚州装饰联系方式
user cookielib in python2.
{u'status': 200, u'msg': u'', u'data': {u'id': 5261753}}
9
**********
　　【张家口爱尚家装饰工程有限公司】是一家主要从事室内装修，酒店KTV，公寓写字楼设计与施工。为您提供一站式高质家装服务，集设计、装修、施工、主材于一体。不需要您采购任何家装材料，全程为您提供高品质的家装产品和服务，给您带来“坐享其成”的家装新体验。
　　【爱尚家】木器漆在整个家具制作费用中，所占比例较大。以作衣柜为例说明：普通的一块大芯板内外贴饰面板的柜板，材料成本60元/平方（展开面积），木工的人工费成本约25元/平方，合计85元/平方。这一平方的衣柜板，木器漆的成本到底是多少呢？以市面上多乐士或华润木器漆为例，按常规施工，至少需要3遍底漆，2遍面漆，.人工成本为25元/平方，材料成本为23元/平方，合计：48元/平方，衣柜板正反两面都要刷，这样成本就变成了48*2=96元/平方了。油漆的成本已经超过了衣柜板的成本。
　　【爱尚家】这是卧室中不可缺少的组成部分，一般以贮存家具(即衣柜)为代表，在一些面积较为宽裕的卧房中，可考虑设置贮存室。将所有衣物有序纳入这一空间，这一形式在欧美较为盛行，也是今后的发展方向。也许有些家居有专门的书房，但很多卧室也都兼有阅读、书写或看电视的要求。所以，配以书写桌、小书柜、座椅或是休闲双人沙发以及电视柜等。但卧室的书柜一般只放置一些常用书籍，不宜放置用来藏书的大书柜。通过查看众多的装修风格，图片等方法，选择到让自己感觉很喜欢很钟意的装修风格，这时不要过多地考虑房屋类型、面积、经济等种种情况，这一步就是找一种感觉，找到你喜欢并想要的装修风格后再来考虑下一步。
　　【爱尚家】俗话说”金厨银卫“，厨房通常是装修中最花钱的区域，也是细节考虑最多的地方。不少人在厨房装修前考虑不周，造成入住使用时的诸多不便。金旗舰旗哥了解到许多“装修过来人”，在厨房装修这件事上踩过的一些“坑”厨房就是这样一个地方，东西总会越来越多。所以，在装修前，一定要考虑到家里几口人，以及充足的收纳空间，吊柜、升降拉篮、挂杆收纳等都可以提前规划好，以免厨房用了几年之后，发现当初收纳空间预留小了。
　　【爱尚家】瓦工的水平在保证没有空鼓的前提下，一是要求贴砖横平竖直，再有就是看碰角，对于横平竖直，只要有耐心慢慢的敲砖，基本可以做到，即便那块砖不合适，可拿下来再重新贴。但是倒角就不是仅仅耐心的问题，因为切割机速度很快，切瓷片时很难控制，需要一定的技术水平，这些我写过特别详细的文章，大家看一下连接， 好的工人倒角非常直，不会崩瓷，切角有一点崩瓷我都不让用，一般低档的工人崩瓷也给你贴上，再用白水泥找补上，当时看不出来，时间一长崩瓷的地方就会显出来。
蔚州
蔚州装修号码 蔚州装修号码 蔚州装修 蔚州装修联系方式
user cookielib in python2.
{u'status': 200, u'msg': u'', u'data': {u'id': 5261754}}
10
